#
# There is insufficient memory for the Java Runtime Environment to continue.
# Native memory allocation (malloc) failed to allocate 506896 bytes for Chunk::new
# Possible reasons:
#   The system is out of physical RAM or swap space
#   The process is running with CompressedOops enabled, and the Java Heap may be blocking the growth of the native heap
# Possible solutions:
#   Reduce memory load on the system
#   Increase physical memory or swap space
#   Check if swap backing store is full
#   Decrease Java heap size (-Xmx/-Xms)
#   Decrease number of Java threads
#   Decrease Java thread stack sizes (-Xss)
#   Set larger code cache with -XX:ReservedCodeCacheSize=
#   JVM is running with Unscaled Compressed Oops mode in which the Java heap is
#     placed in the first 4GB address space. The Java Heap base address is the
#     maximum limit for the native heap growth. Please use -XX:HeapBaseMinAddress
#     to set the Java Heap base and to place the Java Heap above 4GB virtual address.
# This output file may be truncated or incomplete.
#
#  Out of Memory Error (arena.cpp:189), pid=27884, tid=23528
#
# JRE version: OpenJDK Runtime Environment Temurin-17.0.1+12 (17.0.1+12) (build 17.0.1+12)
# Java VM: OpenJDK 64-Bit Server VM Temurin-17.0.1+12 (17.0.1+12, mixed mode, tiered, compressed oops, compressed class ptrs, parallel gc, windows-amd64)
# No core dump will be written. Minidumps are not enabled by default on client versions of Windows
#

---------------  S U M M A R Y ------------

Command Line: --add-modules=ALL-SYSTEM --add-opens=java.base/java.util=ALL-UNNAMED --add-opens=java.base/java.lang=ALL-UNNAMED -Declipse.application=org.eclipse.jdt.ls.core.id1 -Dosgi.bundles.defaultStartLevel=4 -Declipse.product=org.eclipse.jdt.ls.core.product -Djava.import.generatesMetadataFilesAtProjectRoot=false -Dfile.encoding=utf8 -DwatchParentProcess=false -XX:+UseParallelGC -XX:GCTimeRatio=4 -XX:AdaptiveSizePolicyWeight=90 -Dsun.zip.disableMemoryMapping=true -Xmx1G -Xms100m -XX:+HeapDumpOnOutOfMemoryError -XX:HeapDumpPath=c:\Users\nimitjohri\AppData\Roaming\Code\User\workspaceStorage\e9dfe86f46dc4352979bfe9d74bb40b0\redhat.java -Xmx512M -Xms512M c:\Users\nimitjohri\.vscode\extensions\redhat.java-1.2.0\server\plugins\org.eclipse.equinox.launcher_1.6.400.v20210924-0641.jar -configuration c:\Users\nimitjohri\AppData\Roaming\Code\User\globalStorage\redhat.java\1.2.0\config_win -data c:\Users\nimitjohri\AppData\Roaming\Code\User\workspaceStorage\e9dfe86f46dc4352979bfe9d74bb40b0\redhat.java\jdt_ws

Host: Intel(R) Core(TM) i5-8365U CPU @ 1.60GHz, 8 cores, 15G,  Windows 10 , 64 bit Build 19041 (10.0.19041.1348)
Time: Sat Jan  8 21:20:26 2022 India Standard Time elapsed time: 0.733155 seconds (0d 0h 0m 0s)

---------------  T H R E A D  ---------------

Current thread (0x000001dcf37ae140):  JavaThread "C2 CompilerThread1" daemon [_thread_in_native, id=23528, stack(0x0000009494a00000,0x0000009494b00000)]


Current CompileTask:
C2:    733  531   !   4       java.util.jar.Attributes::read (532 bytes)

Stack: [0x0000009494a00000,0x0000009494b00000]
Native frames: (J=compiled Java code, j=interpreted, Vv=VM code, C=native code)
V  [jvm.dll+0x6744da]
V  [jvm.dll+0x82e144]
V  [jvm.dll+0x82f8ee]
V  [jvm.dll+0x82ff53]
V  [jvm.dll+0x245175]
V  [jvm.dll+0xab85b]
V  [jvm.dll+0xabdec]
V  [jvm.dll+0x362f07]
V  [jvm.dll+0x1bb4b2]
V  [jvm.dll+0x218189]
V  [jvm.dll+0x217451]
V  [jvm.dll+0x1a355d]
V  [jvm.dll+0x226e38]
V  [jvm.dll+0x224f7c]
V  [jvm.dll+0x7e3f5b]
V  [jvm.dll+0x7de51a]
V  [jvm.dll+0x673305]
C  [ucrtbase.dll+0x21bb2]
C  [KERNEL32.DLL+0x17034]
C  [ntdll.dll+0x52651]


---------------  P R O C E S S  ---------------

Threads class SMR info:
_java_thread_list=0x000001dcf3b300e0, length=13, elements={
0x000001dcdc334710, 0x000001dcf0e49260, 0x000001dcf0e49d20, 0x000001dcf33e3150,
0x000001dcf33e4c20, 0x000001dcf33e56e0, 0x000001dcf33e8990, 0x000001dcf33efbc0,
0x000001dcf33f1d20, 0x000001dcf33fbd30, 0x000001dcf3541ff0, 0x000001dcf361b860,
0x000001dcf37ae140
}

Java Threads: ( => current thread )
  0x000001dcdc334710 JavaThread "main" [_thread_in_Java, id=20348, stack(0x0000009493b00000,0x0000009493c00000)]
  0x000001dcf0e49260 JavaThread "Reference Handler" daemon [_thread_blocked, id=19144, stack(0x0000009493e00000,0x0000009493f00000)]
  0x000001dcf0e49d20 JavaThread "Finalizer" daemon [_thread_blocked, id=17076, stack(0x0000009493f00000,0x0000009494000000)]
  0x000001dcf33e3150 JavaThread "Signal Dispatcher" daemon [_thread_blocked, id=32700, stack(0x0000009494000000,0x0000009494100000)]
  0x000001dcf33e4c20 JavaThread "Attach Listener" daemon [_thread_blocked, id=17912, stack(0x0000009494100000,0x0000009494200000)]
  0x000001dcf33e56e0 JavaThread "Service Thread" daemon [_thread_blocked, id=1972, stack(0x0000009494200000,0x0000009494300000)]
  0x000001dcf33e8990 JavaThread "Monitor Deflation Thread" daemon [_thread_blocked, id=14936, stack(0x0000009494300000,0x0000009494400000)]
  0x000001dcf33efbc0 JavaThread "C2 CompilerThread0" daemon [_thread_blocked, id=2128, stack(0x0000009494400000,0x0000009494500000)]
  0x000001dcf33f1d20 JavaThread "C1 CompilerThread0" daemon [_thread_blocked, id=11184, stack(0x0000009494500000,0x0000009494600000)]
  0x000001dcf33fbd30 JavaThread "Sweeper thread" daemon [_thread_blocked, id=11192, stack(0x0000009494600000,0x0000009494700000)]
  0x000001dcf3541ff0 JavaThread "Common-Cleaner" daemon [_thread_blocked, id=2492, stack(0x0000009494700000,0x0000009494800000)]
  0x000001dcf361b860 JavaThread "Notification Thread" daemon [_thread_blocked, id=21572, stack(0x0000009494800000,0x0000009494900000)]
=>0x000001dcf37ae140 JavaThread "C2 CompilerThread1" daemon [_thread_in_native, id=23528, stack(0x0000009494a00000,0x0000009494b00000)]

Other Threads:
  0x000001dcf0e42940 VMThread "VM Thread" [stack: 0x0000009493d00000,0x0000009493e00000] [id=20556]
  0x000001dcf361cd40 WatcherThread [stack: 0x0000009494900000,0x0000009494a00000] [id=28272]
  0x000001dcdc34b230 GCTaskThread "GC Thread#0" [stack: 0x0000009493c00000,0x0000009493d00000] [id=23356]

Threads with active compile tasks:
C1 CompilerThread0      767  609       1       java.security.CodeSource::getLocation (5 bytes)
C2 CompilerThread1      767  531   !   4       java.util.jar.Attributes::read (532 bytes)

VM state: not at safepoint (normal execution)

VM Mutex/Monitor currently owned by a thread: None

Heap address: 0x00000000e0000000, size: 512 MB, Compressed Oops mode: 32-bit

CDS archive(s) not mapped
Compressed class space mapped at: 0x0000000100000000-0x0000000140000000, reserved size: 1073741824
Narrow klass base: 0x0000000000000000, Narrow klass shift: 3, Narrow klass range: 0x140000000

GC Precious Log:
 CPUs: 8 total, 8 available
 Memory: 16198M
 Large Page Support: Disabled
 NUMA Support: Disabled
 Compressed Oops: Enabled (32-bit)
 Alignments: Space 512K, Generation 512K, Heap 2M
 Heap Min Capacity: 512M
 Heap Initial Capacity: 512M
 Heap Max Capacity: 512M
 Pre-touch: Disabled
 Parallel Workers: 8

Heap:
 PSYoungGen      total 153088K, used 16088K [0x00000000f5580000, 0x0000000100000000, 0x0000000100000000)
  eden space 131584K, 12% used [0x00000000f5580000,0x00000000f6536198,0x00000000fd600000)
  from space 21504K, 0% used [0x00000000feb00000,0x00000000feb00000,0x0000000100000000)
  to   space 21504K, 0% used [0x00000000fd600000,0x00000000fd600000,0x00000000feb00000)
 ParOldGen       total 349696K, used 0K [0x00000000e0000000, 0x00000000f5580000, 0x00000000f5580000)
  object space 349696K, 0% used [0x00000000e0000000,0x00000000e0000000,0x00000000f5580000)
 Metaspace       used 9279K, committed 9408K, reserved 1064960K
  class space    used 921K, committed 960K, reserved 1048576K

Card table byte_map: [0x000001dcef980000,0x000001dcefa90000] _byte_map_base: 0x000001dcef280000

Marking Bits: (ParMarkBitMap*) 0x00007ffd507b2a60
 Begin Bits: [0x000001dcefb40000, 0x000001dcf0340000)
 End Bits:   [0x000001dcf0340000, 0x000001dcf0b40000)

Polling page: 0x000001dcdc410000

Metaspace:

Usage:
  Non-class:      8.16 MB used.
      Class:    921.73 KB used.
       Both:      9.06 MB used.

Virtual space:
  Non-class space:       16.00 MB reserved,       8.25 MB ( 52%) committed,  2 nodes.
      Class space:        1.00 GB reserved,     960.00 KB ( <1%) committed,  1 nodes.
             Both:        1.02 GB reserved,       9.19 MB ( <1%) committed. 

Chunk freelists:
   Non-Class:  3.75 MB
       Class:  2.95 MB
        Both:  6.70 MB

MaxMetaspaceSize: unlimited
CompressedClassSpaceSize: 1.00 GB
Initial GC threshold: 21.00 MB
Current GC threshold: 21.00 MB
CDS: off
MetaspaceReclaimPolicy: balanced
 - commit_granule_bytes: 65536.
 - commit_granule_words: 8192.
 - virtual_space_node_default_size: 1048576.
 - enlarge_chunks_in_place: 1.
 - new_chunks_are_fully_committed: 0.
 - uncommit_free_chunks: 1.
 - use_allocation_guard: 0.
 - handle_deallocations: 1.


Internal statistics:

num_allocs_failed_limit: 0.
num_arena_births: 14.
num_arena_deaths: 0.
num_vsnodes_births: 3.
num_vsnodes_deaths: 0.
num_space_committed: 147.
num_space_uncommitted: 0.
num_chunks_returned_to_freelist: 0.
num_chunks_taken_from_freelist: 66.
num_chunk_merges: 0.
num_chunk_splits: 30.
num_chunks_enlarged: 19.
num_purges: 0.
num_inconsistent_stats: 0.

CodeHeap 'non-profiled nmethods': size=120000Kb used=200Kb max_used=200Kb free=119799Kb
 bounds [0x000001dce8260000, 0x000001dce84d0000, 0x000001dcef790000]
CodeHeap 'profiled nmethods': size=120000Kb used=990Kb max_used=990Kb free=119009Kb
 bounds [0x000001dce0d30000, 0x000001dce0fa0000, 0x000001dce8260000]
CodeHeap 'non-nmethods': size=5760Kb used=1127Kb max_used=1156Kb free=4632Kb
 bounds [0x000001dce0790000, 0x000001dce0a00000, 0x000001dce0d30000]
 total_blobs=1023 nmethods=608 adapters=330
 compilation: enabled
              stopped_count=0, restarted_count=0
 full_count=0

Compilation events (20 events):
Event: 0.712 Thread 0x000001dcf33f1d20 nmethod 588 0x000001dce0e1bf10 code [0x000001dce0e1c0c0, 0x000001dce0e1c318]
Event: 0.714 Thread 0x000001dcf33f1d20  589       1       java.security.CodeSource::getLocationNoFragString (5 bytes)
Event: 0.714 Thread 0x000001dcf33f1d20 nmethod 589 0x000001dce828f610 code [0x000001dce828f7a0, 0x000001dce828f878]
Event: 0.717 Thread 0x000001dcf33efbc0 nmethod 571 0x000001dce828f910 code [0x000001dce828fb40, 0x000001dce82906f0]
Event: 0.722 Thread 0x000001dcf33f1d20  590       3       jdk.internal.ref.CleanerImpl::getCleanerImpl (13 bytes)
Event: 0.722 Thread 0x000001dcf33f1d20 nmethod 590 0x000001dce0e1c410 code [0x000001dce0e1c5c0, 0x000001dce0e1c868]
Event: 0.722 Thread 0x000001dcf33f1d20  591       3       java.lang.ref.Cleaner$1::apply (9 bytes)
Event: 0.722 Thread 0x000001dcf33f1d20 nmethod 591 0x000001dce0e1c990 code [0x000001dce0e1cb40, 0x000001dce0e1cdb8]
Event: 0.722 Thread 0x000001dcf33f1d20  592       3       java.lang.ref.Cleaner$1::apply (5 bytes)
Event: 0.722 Thread 0x000001dcf33f1d20 nmethod 592 0x000001dce0e1ce90 code [0x000001dce0e1d020, 0x000001dce0e1d138]
Event: 0.722 Thread 0x000001dcf33f1d20  593       1       java.net.URL::getHost (5 bytes)
Event: 0.722 Thread 0x000001dcf33f1d20 nmethod 593 0x000001dce8290e10 code [0x000001dce8290fa0, 0x000001dce8291078]
Event: 0.724 Thread 0x000001dcf33efbc0  594       4       java.io.WinNTFileSystem::isSlash (18 bytes)
Event: 0.724 Thread 0x000001dcf33efbc0 nmethod 594 0x000001dce8291110 code [0x000001dce8291280, 0x000001dce8291318]
Event: 0.725 Thread 0x000001dcf33f1d20  595       3       sun.security.x509.X509CertImpl::getEncodedInternal (20 bytes)
Event: 0.725 Thread 0x000001dcf33f1d20 nmethod 595 0x000001dce0e1d210 code [0x000001dce0e1d420, 0x000001dce0e1dbc8]
Event: 0.725 Thread 0x000001dcf33f1d20  596   !   3       java.security.cert.Certificate::equals (38 bytes)
Event: 0.726 Thread 0x000001dcf33f1d20 nmethod 596 0x000001dce0e1de10 code [0x000001dce0e1e120, 0x000001dce0e1f388]
Event: 0.729 Thread 0x000001dcf33f1d20  597       3       java.io.WinNTFileSystem::normalize (143 bytes)
Event: 0.730 Thread 0x000001dcf33f1d20 nmethod 597 0x000001dce0e1fb10 code [0x000001dce0e1fda0, 0x000001dce0e20978]

GC Heap History (0 events):
No events

Deoptimization events (20 events):
Event: 0.667 Thread 0x000001dcdc334710 DEOPT PACKING pc=0x000001dce0dd09e4 sp=0x0000009493bfd6e0
Event: 0.667 Thread 0x000001dcdc334710 DEOPT UNPACKING pc=0x000001dce07e2843 sp=0x0000009493bfcb68 mode 0
Event: 0.668 Thread 0x000001dcdc334710 DEOPT PACKING pc=0x000001dce0dd09e4 sp=0x0000009493bfd820
Event: 0.668 Thread 0x000001dcdc334710 DEOPT UNPACKING pc=0x000001dce07e2843 sp=0x0000009493bfcca8 mode 0
Event: 0.697 Thread 0x000001dcdc334710 Uncommon trap: trap_request=0xffffffde fr.pc=0x000001dce8286ad4 relative=0x0000000000000a14
Event: 0.697 Thread 0x000001dcdc334710 Uncommon trap: reason=class_check action=maybe_recompile pc=0x000001dce8286ad4 method=java.util.HashMap.putVal(ILjava/lang/Object;Ljava/lang/Object;ZZ)Ljava/lang/Object; @ 203 c2
Event: 0.697 Thread 0x000001dcdc334710 DEOPT PACKING pc=0x000001dce8286ad4 sp=0x0000009493bfde20
Event: 0.697 Thread 0x000001dcdc334710 DEOPT UNPACKING pc=0x000001dce07e20a3 sp=0x0000009493bfdd38 mode 2
Event: 0.697 Thread 0x000001dcdc334710 Uncommon trap: trap_request=0xffffffde fr.pc=0x000001dce8286ad4 relative=0x0000000000000a14
Event: 0.697 Thread 0x000001dcdc334710 Uncommon trap: reason=class_check action=maybe_recompile pc=0x000001dce8286ad4 method=java.util.HashMap.putVal(ILjava/lang/Object;Ljava/lang/Object;ZZ)Ljava/lang/Object; @ 203 c2
Event: 0.697 Thread 0x000001dcdc334710 DEOPT PACKING pc=0x000001dce8286ad4 sp=0x0000009493bfde20
Event: 0.697 Thread 0x000001dcdc334710 DEOPT UNPACKING pc=0x000001dce07e20a3 sp=0x0000009493bfdd38 mode 2
Event: 0.697 Thread 0x000001dcdc334710 Uncommon trap: trap_request=0xffffffde fr.pc=0x000001dce8286ad4 relative=0x0000000000000a14
Event: 0.697 Thread 0x000001dcdc334710 Uncommon trap: reason=class_check action=maybe_recompile pc=0x000001dce8286ad4 method=java.util.HashMap.putVal(ILjava/lang/Object;Ljava/lang/Object;ZZ)Ljava/lang/Object; @ 203 c2
Event: 0.697 Thread 0x000001dcdc334710 DEOPT PACKING pc=0x000001dce8286ad4 sp=0x0000009493bfde20
Event: 0.697 Thread 0x000001dcdc334710 DEOPT UNPACKING pc=0x000001dce07e20a3 sp=0x0000009493bfdd38 mode 2
Event: 0.697 Thread 0x000001dcdc334710 Uncommon trap: trap_request=0xffffffde fr.pc=0x000001dce8286ad4 relative=0x0000000000000a14
Event: 0.697 Thread 0x000001dcdc334710 Uncommon trap: reason=class_check action=maybe_recompile pc=0x000001dce8286ad4 method=java.util.HashMap.putVal(ILjava/lang/Object;Ljava/lang/Object;ZZ)Ljava/lang/Object; @ 203 c2
Event: 0.697 Thread 0x000001dcdc334710 DEOPT PACKING pc=0x000001dce8286ad4 sp=0x0000009493bfde20
Event: 0.697 Thread 0x000001dcdc334710 DEOPT UNPACKING pc=0x000001dce07e20a3 sp=0x0000009493bfdd38 mode 2

Classes unloaded (0 events):
No events

Classes redefined (0 events):
No events

Internal exceptions (11 events):
Event: 0.223 Thread 0x000001dcdc334710 Exception <a 'java/lang/NoSuchMethodError'{0x00000000f5632170}: 'void java.lang.invoke.DirectMethodHandle$Holder.invokeStatic(java.lang.Object, java.lang.Object, java.lang.Object)'> (0x00000000f5632170) 
thrown [e:\jenkins\tmp\workspace\build\src\src\hotspot\share\interpreter\linkResolver.cpp, line 766]
Event: 0.478 Thread 0x000001dcdc334710 Exception <a 'java/lang/ClassNotFoundException'{0x00000000f5e1aae0}: sun/net/www/protocol/c/Handler> (0x00000000f5e1aae0) 
thrown [e:\jenkins\tmp\workspace\build\src\src\hotspot\share\classfile\systemDictionary.cpp, line 256]
Event: 0.492 Thread 0x000001dcdc334710 Exception <a 'java/io/FileNotFoundException'{0x00000000f5e30c70}> (0x00000000f5e30c70) 
thrown [e:\jenkins\tmp\workspace\build\src\src\hotspot\share\prims\jni.cpp, line 516]
Event: 0.492 Thread 0x000001dcdc334710 Exception <a 'java/io/FileNotFoundException'{0x00000000f5e31938}> (0x00000000f5e31938) 
thrown [e:\jenkins\tmp\workspace\build\src\src\hotspot\share\prims\jni.cpp, line 516]
Event: 0.492 Thread 0x000001dcdc334710 Exception <a 'java/io/FileNotFoundException'{0x00000000f5e325e0}> (0x00000000f5e325e0) 
thrown [e:\jenkins\tmp\workspace\build\src\src\hotspot\share\prims\jni.cpp, line 516]
Event: 0.493 Thread 0x000001dcdc334710 Exception <a 'java/io/FileNotFoundException'{0x00000000f5e33268}> (0x00000000f5e33268) 
thrown [e:\jenkins\tmp\workspace\build\src\src\hotspot\share\prims\jni.cpp, line 516]
Event: 0.505 Thread 0x000001dcdc334710 Exception <a 'java/io/FileNotFoundException'{0x00000000f5e544e8}> (0x00000000f5e544e8) 
thrown [e:\jenkins\tmp\workspace\build\src\src\hotspot\share\prims\jni.cpp, line 516]
Event: 0.627 Thread 0x000001dcdc334710 Exception <a 'java/lang/NoSuchMethodError'{0x00000000f6154d40}: 'java.lang.Object java.lang.invoke.DirectMethodHandle$Holder.invokeStaticInit(java.lang.Object)'> (0x00000000f6154d40) 
thrown [e:\jenkins\tmp\workspace\build\src\src\hotspot\share\interpreter\linkResolver.cpp, line 766]
Event: 0.726 Thread 0x000001dcdc334710 Exception <a 'java/lang/ClassNotFoundException'{0x00000000f649f340}: sun/net/www/protocol/c/Handler> (0x00000000f649f340) 
thrown [e:\jenkins\tmp\workspace\build\src\src\hotspot\share\classfile\systemDictionary.cpp, line 256]
Event: 0.726 Thread 0x000001dcdc334710 Exception <a 'java/lang/ClassNotFoundException'{0x00000000f64a0678}: sun/net/www/protocol/d/Handler> (0x00000000f64a0678) 
thrown [e:\jenkins\tmp\workspace\build\src\src\hotspot\share\classfile\systemDictionary.cpp, line 256]
Event: 0.727 Thread 0x000001dcdc334710 Exception <a 'java/lang/ClassNotFoundException'{0x00000000f64a17d0}: sun/net/www/protocol/c/Handler> (0x00000000f64a17d0) 
thrown [e:\jenkins\tmp\workspace\build\src\src\hotspot\share\classfile\systemDictionary.cpp, line 256]

VM Operations (2 events):
Event: 0.229 Executing VM operation: HandshakeAllThreads
Event: 0.229 Executing VM operation: HandshakeAllThreads done

Events (20 events):
Event: 0.693 loading class java/io/BufferedReader
Event: 0.693 loading class java/io/BufferedReader done
Event: 0.693 loading class sun/nio/cs/StreamDecoder
Event: 0.693 loading class sun/nio/cs/StreamDecoder done
Event: 0.693 loading class sun/nio/cs/UTF_8$Decoder
Event: 0.694 loading class sun/nio/cs/UTF_8$Decoder done
Event: 0.694 loading class java/nio/charset/CoderResult
Event: 0.694 loading class java/nio/charset/CoderResult done
Event: 0.719 loading class java/util/Random
Event: 0.720 loading class java/util/random/RandomGenerator
Event: 0.720 loading class java/util/random/RandomGenerator done
Event: 0.720 loading class java/util/Random done
Event: 0.720 loading class java/util/UUID
Event: 0.720 loading class java/util/UUID done
Event: 0.721 loading class java/util/concurrent/atomic/AtomicBoolean
Event: 0.721 loading class java/util/concurrent/atomic/AtomicBoolean done
Event: 0.721 loading class java/lang/invoke/VarHandleInts$FieldInstanceReadWrite
Event: 0.721 loading class java/lang/invoke/VarHandleInts$FieldInstanceReadOnly
Event: 0.721 loading class java/lang/invoke/VarHandleInts$FieldInstanceReadOnly done
Event: 0.721 loading class java/lang/invoke/VarHandleInts$FieldInstanceReadWrite done


Dynamic libraries:
0x00007ff75e000000 - 0x00007ff75e00e000 	c:\Users\nimitjohri\.vscode\extensions\redhat.java-1.2.0\jre\17.0.1-win32-x86_64\bin\java.exe
0x00007ffdd4e50000 - 0x00007ffdd5045000 	C:\WINDOWS\SYSTEM32\ntdll.dll
0x00007ffdd39a0000 - 0x00007ffdd3a5e000 	C:\WINDOWS\System32\KERNEL32.DLL
0x00007ffdd2880000 - 0x00007ffdd2b48000 	C:\WINDOWS\System32\KERNELBASE.dll
0x00007ffdd2560000 - 0x00007ffdd2660000 	C:\WINDOWS\System32\ucrtbase.dll
0x00007ffd96ce0000 - 0x00007ffd96cf8000 	c:\Users\nimitjohri\.vscode\extensions\redhat.java-1.2.0\jre\17.0.1-win32-x86_64\bin\jli.dll
0x00007ffdd3660000 - 0x00007ffdd3801000 	C:\WINDOWS\System32\USER32.dll
0x00007ffdd2850000 - 0x00007ffdd2872000 	C:\WINDOWS\System32\win32u.dll
0x00007ffdd45c0000 - 0x00007ffdd45eb000 	C:\WINDOWS\System32\GDI32.dll
0x00007ffdd2c00000 - 0x00007ffdd2d0d000 	C:\WINDOWS\System32\gdi32full.dll
0x00007ffdd2d40000 - 0x00007ffdd2ddd000 	C:\WINDOWS\System32\msvcp_win.dll
0x00007ffd96d00000 - 0x00007ffd96d19000 	c:\Users\nimitjohri\.vscode\extensions\redhat.java-1.2.0\jre\17.0.1-win32-x86_64\bin\VCRUNTIME140.dll
0x00007ffdbc390000 - 0x00007ffdbc62a000 	C:\WINDOWS\WinSxS\amd64_microsoft.windows.common-controls_6595b64144ccf1df_6.0.19041.1110_none_60b5254171f9507e\COMCTL32.dll
0x00007ffdd3ba0000 - 0x00007ffdd3c3e000 	C:\WINDOWS\System32\msvcrt.dll
0x00007ffdd49a0000 - 0x00007ffdd49d0000 	C:\WINDOWS\System32\IMM32.DLL
0x00007ffda5bf0000 - 0x00007ffda5bfc000 	c:\Users\nimitjohri\.vscode\extensions\redhat.java-1.2.0\jre\17.0.1-win32-x86_64\bin\vcruntime140_1.dll
0x00007ffd50880000 - 0x00007ffd50911000 	c:\Users\nimitjohri\.vscode\extensions\redhat.java-1.2.0\jre\17.0.1-win32-x86_64\bin\msvcp140.dll
0x00007ffd4fc30000 - 0x00007ffd50876000 	c:\Users\nimitjohri\.vscode\extensions\redhat.java-1.2.0\jre\17.0.1-win32-x86_64\bin\server\jvm.dll
0x00007ffdd3a60000 - 0x00007ffdd3b0c000 	C:\WINDOWS\System32\ADVAPI32.dll
0x00007ffdd4820000 - 0x00007ffdd48bb000 	C:\WINDOWS\System32\sechost.dll
0x00007ffdd3870000 - 0x00007ffdd399a000 	C:\WINDOWS\System32\RPCRT4.dll
0x00007ffda42a0000 - 0x00007ffda42a9000 	C:\WINDOWS\SYSTEM32\WSOCK32.dll
0x00007ffdd4390000 - 0x00007ffdd43fb000 	C:\WINDOWS\System32\WS2_32.dll
0x00007ffdb0fb0000 - 0x00007ffdb0fd7000 	C:\WINDOWS\SYSTEM32\WINMM.dll
0x00007ffdcb420000 - 0x00007ffdcb42a000 	C:\WINDOWS\SYSTEM32\VERSION.dll
0x00007ffdd3030000 - 0x00007ffdd3038000 	C:\WINDOWS\System32\PSAPI.DLL
0x00007ffdd02e0000 - 0x00007ffdd02f2000 	C:\WINDOWS\SYSTEM32\kernel.appcore.dll
0x00007ffda2a10000 - 0x00007ffda2a1a000 	c:\Users\nimitjohri\.vscode\extensions\redhat.java-1.2.0\jre\17.0.1-win32-x86_64\bin\jimage.dll
0x00007ffdbcee0000 - 0x00007ffdbd0c4000 	C:\WINDOWS\SYSTEM32\DBGHELP.DLL
0x00007ffdb6fa0000 - 0x00007ffdb6fcc000 	C:\WINDOWS\SYSTEM32\dbgcore.DLL
0x00007ffdd2660000 - 0x00007ffdd26e2000 	C:\WINDOWS\System32\bcryptPrimitives.dll
0x00007ffd96cb0000 - 0x00007ffd96cd5000 	c:\Users\nimitjohri\.vscode\extensions\redhat.java-1.2.0\jre\17.0.1-win32-x86_64\bin\java.dll
0x00007ffd6cd60000 - 0x00007ffd6cd78000 	c:\Users\nimitjohri\.vscode\extensions\redhat.java-1.2.0\jre\17.0.1-win32-x86_64\bin\zip.dll
0x00007ffdd3c40000 - 0x00007ffdd4384000 	C:\WINDOWS\System32\SHELL32.dll
0x00007ffdd0500000 - 0x00007ffdd0c94000 	C:\WINDOWS\SYSTEM32\windows.storage.dll
0x00007ffdd4ab0000 - 0x00007ffdd4e05000 	C:\WINDOWS\System32\combase.dll
0x00007ffdd1e00000 - 0x00007ffdd1e2e000 	C:\WINDOWS\SYSTEM32\Wldp.dll
0x00007ffdd4770000 - 0x00007ffdd481d000 	C:\WINDOWS\System32\SHCORE.dll
0x00007ffdd3810000 - 0x00007ffdd3865000 	C:\WINDOWS\System32\shlwapi.dll
0x00007ffdd24a0000 - 0x00007ffdd24bf000 	C:\WINDOWS\SYSTEM32\profapi.dll
0x00007ffd77420000 - 0x00007ffd77439000 	C:\Users\nimitjohri\.vscode\extensions\redhat.java-1.2.0\jre\17.0.1-win32-x86_64\bin\net.dll
0x00007ffdd1500000 - 0x00007ffdd160c000 	C:\WINDOWS\SYSTEM32\WINHTTP.dll
0x00007ffdd1be0000 - 0x00007ffdd1c4a000 	C:\WINDOWS\system32\mswsock.dll
0x00007ffd56380000 - 0x00007ffd56395000 	C:\Users\nimitjohri\.vscode\extensions\redhat.java-1.2.0\jre\17.0.1-win32-x86_64\bin\nio.dll

dbghelp: loaded successfully - version: 4.0.5 - missing functions: none
symbol engine: initialized successfully - sym options: 0x614 - pdb path: .;c:\Users\nimitjohri\.vscode\extensions\redhat.java-1.2.0\jre\17.0.1-win32-x86_64\bin;C:\WINDOWS\SYSTEM32;C:\WINDOWS\WinSxS\amd64_microsoft.windows.common-controls_6595b64144ccf1df_6.0.19041.1110_none_60b5254171f9507e;c:\Users\nimitjohri\.vscode\extensions\redhat.java-1.2.0\jre\17.0.1-win32-x86_64\bin\server

VM Arguments:
jvm_args: --add-modules=ALL-SYSTEM --add-opens=java.base/java.util=ALL-UNNAMED --add-opens=java.base/java.lang=ALL-UNNAMED -Declipse.application=org.eclipse.jdt.ls.core.id1 -Dosgi.bundles.defaultStartLevel=4 -Declipse.product=org.eclipse.jdt.ls.core.product -Djava.import.generatesMetadataFilesAtProjectRoot=false -Dfile.encoding=utf8 -DwatchParentProcess=false -XX:+UseParallelGC -XX:GCTimeRatio=4 -XX:AdaptiveSizePolicyWeight=90 -Dsun.zip.disableMemoryMapping=true -Xmx1G -Xms100m -XX:+HeapDumpOnOutOfMemoryError -XX:HeapDumpPath=c:\Users\nimitjohri\AppData\Roaming\Code\User\workspaceStorage\e9dfe86f46dc4352979bfe9d74bb40b0\redhat.java -Xmx512M -Xms512M 
java_command: c:\Users\nimitjohri\.vscode\extensions\redhat.java-1.2.0\server\plugins\org.eclipse.equinox.launcher_1.6.400.v20210924-0641.jar -configuration c:\Users\nimitjohri\AppData\Roaming\Code\User\globalStorage\redhat.java\1.2.0\config_win -data c:\Users\nimitjohri\AppData\Roaming\Code\User\workspaceStorage\e9dfe86f46dc4352979bfe9d74bb40b0\redhat.java\jdt_ws
java_class_path (initial): c:\Users\nimitjohri\.vscode\extensions\redhat.java-1.2.0\server\plugins\org.eclipse.equinox.launcher_1.6.400.v20210924-0641.jar
Launcher Type: SUN_STANDARD

[Global flags]
    uintx AdaptiveSizePolicyWeight                 = 90                                        {product} {command line}
     intx CICompilerCount                          = 4                                         {product} {ergonomic}
    uintx GCTimeRatio                              = 4                                         {product} {command line}
     bool HeapDumpOnOutOfMemoryError               = true                                   {manageable} {command line}
    ccstr HeapDumpPath                             = c:\Users\nimitjohri\AppData\Roaming\Code\User\workspaceStorage\e9dfe86f46dc4352979bfe9d74bb40b0\redhat.java         {manageable} {command line}
   size_t InitialHeapSize                          = 536870912                                 {product} {command line}
   size_t MaxHeapSize                              = 536870912                                 {product} {command line}
   size_t MaxNewSize                               = 178782208                                 {product} {ergonomic}
   size_t MinHeapDeltaBytes                        = 524288                                    {product} {ergonomic}
   size_t MinHeapSize                              = 536870912                                 {product} {command line}
   size_t NewSize                                  = 178782208                                 {product} {ergonomic}
    uintx NonNMethodCodeHeapSize                   = 5839372                                {pd product} {ergonomic}
    uintx NonProfiledCodeHeapSize                  = 122909434                              {pd product} {ergonomic}
   size_t OldSize                                  = 358088704                                 {product} {ergonomic}
    uintx ProfiledCodeHeapSize                     = 122909434                              {pd product} {ergonomic}
    uintx ReservedCodeCacheSize                    = 251658240                              {pd product} {ergonomic}
     bool SegmentedCodeCache                       = true                                      {product} {ergonomic}
   size_t SoftMaxHeapSize                          = 536870912                              {manageable} {ergonomic}
     bool UseCompressedClassPointers               = true                           {product lp64_product} {ergonomic}
     bool UseCompressedOops                        = true                           {product lp64_product} {ergonomic}
     bool UseLargePagesIndividualAllocation        = false                                  {pd product} {ergonomic}
     bool UseParallelGC                            = true                                      {product} {command line}

Logging:
Log output configuration:
 #0: stdout all=warning uptime,level,tags
 #1: stderr all=off uptime,level,tags

Environment Variables:
JAVA_HOME=C:\Program Files\Java\jdk-17.0.1
_JAVA_OPTIONS=-Xmx512M -Xms512M
PATH=C:\Program Files\Common Files\Oracle\Java\javapath;C:\Program Files\Eclipse Adoptium\jdk-17.0.1.12-hotspot\bin;C:\WINDOWS\system32;C:\WINDOWS;C:\WINDOWS\System32\Wbem;C:\WINDOWS\System32\WindowsPowerShell\v1.0\;C:\WINDOWS\System32\OpenSSH\;C:\Program Files\TortoiseSVN\bin;C:\Program Files\Amazon\AWSCLIV2\;D:\InstalledSoftwares\nodejs\;C:\ProgramData\chocolatey\bin;C:\Program Files\Java\jdk-14.0.1\bin;D:\InstalledSoftwares\Python\Python38;D:\InstalledSoftwares\Python\Python38\Scripts;D:\Softwares\openssh-8.3p1;D:\LutronProjects\aws-login-tool\node_modules\.bin;D:\InstalledSoftwares\WinSCP\;D:\InstalledSoftwares\apache-maven-3.6.3-bin\apache-maven-3.6.3\bin;C:\Program Files\Java\jdk-11.0.1\bin;C:\Progra~1\Java\jdk1.8.0_261\bin;D:\InstalledSoftwares\helm-v3.3.1-windows-amd64\windows-amd64;D:\InstalledSoftwares\spark-3.0.1-bin-hadoop2.7\spark-3.0.1-bin-hadoop2.7\bin;D:\InstalledSoftwares\scala\bin;D:\InstalledSoftwares\scala\bin;D:\InstalledSoftwares\zookeeper\apache-zookeeper-3.6.2\apache-zookeeper-3.6.2-bin\bin;D:\InstalledSoftwares\gradle-2.8-all\gradle-2.8\bin;%ZOOKEEPER_HOME%\bin;C:\Program Files\dotnet\;C:\Program Files\Microsoft SQL Server\130\Tools\Binn\;C:\Program Files\Microsoft SQL Server\Client SDK\ODBC\170\Tools\Binn\;C:\Program Files\Azure Data Studio\bin;C:\Program Files (x86)\dotnet\;C:\Program Files\Docker\Docker\resources\bin;C:\ProgramData\DockerDesktop\version-bin;C:\Program Files\Microsoft VS Code\bin;D:\InstalledSoftwares\Go\bin;C:\Program Files\Git\cmd;C:\Users\nimitjohri\AppData\Local\Microsoft\WindowsApps;$GOBIN\bin;D:\InstalledSoftwares\pdfc;D:\InstalledSoftwares\jfrog-artifactory-oss-6.20.0\artifactory-oss-6.20.0\bin;D:\InstalledSoftwares\sonarqube-8.4.1.35646\sonarqube-8.4.1.35646\bin\windows-x86-64;D:\InstalledSoftwares\sonar-scanner-cli-4.4.0.2170-windows\sonar-scanner-4.4.0.2170-windows\bin;D:\InstalledSoftwares\Jenkins;C:\Users\nimitjohri\.dotnet\tools;C:\Program Files\Azure Data Studio\bin;C:\Users\nimitjohri\go\bin;D:\InstalledSoftwar
USERNAME=nimitjohri
OS=Windows_NT
PROCESSOR_IDENTIFIER=Intel64 Family 6 Model 142 Stepping 12, GenuineIntel



---------------  S Y S T E M  ---------------

OS:
 Windows 10 , 64 bit Build 19041 (10.0.19041.1348)
OS uptime: 0 days 21:28 hours
Hyper-V role detected

CPU: total 8 (initial active 8) (4 cores per cpu, 2 threads per core) family 6 model 142 stepping 12 microcode 0xc6, cx8, cmov, fxsr, ht, mmx, 3dnowpref, sse, sse2, sse3, ssse3, sse4.1, sse4.2, popcnt, lzcnt, tsc, tscinvbit, avx, avx2, aes, erms, clmul, bmi1, bmi2, adx, fma, vzeroupper, clflush, clflushopt, hv

Memory: 4k page, system-wide physical 16198M (429M free)
TotalPageFile size 33758M (AvailPageFile size 4M)
current process WorkingSet (physical memory assigned to process): 54M, peak: 54M
current process commit charge ("private bytes"): 592M, peak: 592M

vm_info: OpenJDK 64-Bit Server VM (17.0.1+12) for windows-amd64 JRE (17.0.1+12), built on Oct 20 2021 07:42:55 by "" with MS VC++ 16.7 (VS2019)

END.
