#
# There is insufficient memory for the Java Runtime Environment to continue.
# Native memory allocation (mmap) failed to map 65536 bytes for Failed to commit metaspace.
# Possible reasons:
#   The system is out of physical RAM or swap space
#   The process is running with CompressedOops enabled, and the Java Heap may be blocking the growth of the native heap
# Possible solutions:
#   Reduce memory load on the system
#   Increase physical memory or swap space
#   Check if swap backing store is full
#   Decrease Java heap size (-Xmx/-Xms)
#   Decrease number of Java threads
#   Decrease Java thread stack sizes (-Xss)
#   Set larger code cache with -XX:ReservedCodeCacheSize=
#   JVM is running with Unscaled Compressed Oops mode in which the Java heap is
#     placed in the first 4GB address space. The Java Heap base address is the
#     maximum limit for the native heap growth. Please use -XX:HeapBaseMinAddress
#     to set the Java Heap base and to place the Java Heap above 4GB virtual address.
# This output file may be truncated or incomplete.
#
#  Out of Memory Error (virtualSpaceNode.cpp:110), pid=31968, tid=25580
#
# JRE version: OpenJDK Runtime Environment Temurin-17.0.1+12 (17.0.1+12) (build 17.0.1+12)
# Java VM: OpenJDK 64-Bit Server VM Temurin-17.0.1+12 (17.0.1+12, mixed mode, tiered, compressed oops, compressed class ptrs, parallel gc, windows-amd64)
# No core dump will be written. Minidumps are not enabled by default on client versions of Windows
#

---------------  S U M M A R Y ------------

Command Line: --add-modules=ALL-SYSTEM --add-opens=java.base/java.util=ALL-UNNAMED --add-opens=java.base/java.lang=ALL-UNNAMED -Declipse.application=org.eclipse.jdt.ls.core.id1 -Dosgi.bundles.defaultStartLevel=4 -Declipse.product=org.eclipse.jdt.ls.core.product -Djava.import.generatesMetadataFilesAtProjectRoot=false -Dfile.encoding=utf8 -DwatchParentProcess=false -XX:+UseParallelGC -XX:GCTimeRatio=4 -XX:AdaptiveSizePolicyWeight=90 -Dsun.zip.disableMemoryMapping=true -Xmx1G -Xms100m -Xmx512M -Xms512M c:\Users\nimitjohri\.vscode\extensions\redhat.java-1.2.0\server\plugins\org.eclipse.equinox.launcher_1.6.400.v20210924-0641.jar -configuration c:\Users\nimitjohri\AppData\Roaming\Code\User\globalStorage\redhat.java\1.2.0\config_ss_win -data c:\Users\nimitjohri\AppData\Roaming\Code\User\workspaceStorage\e9dfe86f46dc4352979bfe9d74bb40b0\redhat.java\ss_ws

Host: Intel(R) Core(TM) i5-8365U CPU @ 1.60GHz, 8 cores, 15G,  Windows 10 , 64 bit Build 19041 (10.0.19041.1348)
Time: Sat Jan  8 21:20:26 2022 India Standard Time elapsed time: 2.028005 seconds (0d 0h 0m 2s)

---------------  T H R E A D  ---------------

Current thread (0x000001f3c87d0710):  JavaThread "Start Level: Equinox Container: 9e82c87d-b69a-445a-b9cf-a4f0c1bde286" daemon [_thread_in_vm, id=25580, stack(0x00000076c0c00000,0x00000076c0d00000)]

Stack: [0x00000076c0c00000,0x00000076c0d00000]
Native frames: (J=compiled Java code, j=interpreted, Vv=VM code, C=native code)
V  [jvm.dll+0x6744da]
V  [jvm.dll+0x82e144]
V  [jvm.dll+0x82f8ee]
V  [jvm.dll+0x82ff53]
V  [jvm.dll+0x245175]
V  [jvm.dll+0x82a0eb]
V  [jvm.dll+0x619566]
V  [jvm.dll+0x1bff1e]
V  [jvm.dll+0x61beb1]
V  [jvm.dll+0x619f06]
V  [jvm.dll+0x23ab30]
V  [jvm.dll+0x1ea82d]
V  [jvm.dll+0x1e0261]
V  [jvm.dll+0x53b150]
V  [jvm.dll+0x7a9378]
V  [jvm.dll+0x7a9464]
V  [jvm.dll+0x40bfd5]
V  [jvm.dll+0x4121c8]
C  [java.dll+0x17ec]

Java frames: (J=compiled Java code, j=interpreted, Vv=VM code)
J 1066  java.lang.ClassLoader.defineClass1(Ljava/lang/ClassLoader;Ljava/lang/String;[BIILjava/security/ProtectionDomain;Ljava/lang/String;)Ljava/lang/Class; java.base@17.0.1 (0 bytes) @ 0x000001f3bd428b5b [0x000001f3bd428aa0+0x00000000000000bb]
J 1465 c1 java.lang.ClassLoader.defineClass(Ljava/lang/String;[BIILjava/security/ProtectionDomain;)Ljava/lang/Class; java.base@17.0.1 (43 bytes) @ 0x000001f3b6132454 [0x000001f3b6132100+0x0000000000000354]
j  org.eclipse.osgi.internal.loader.ModuleClassLoader.defineClass(Ljava/lang/String;[BLorg/eclipse/osgi/internal/loader/classpath/ClasspathEntry;)Lorg/eclipse/osgi/internal/loader/ModuleClassLoader$DefineClassResult;+42
J 1696 c1 org.eclipse.osgi.internal.loader.classpath.ClasspathManager.defineClass(Ljava/lang/String;[BLorg/eclipse/osgi/internal/loader/classpath/ClasspathEntry;Lorg/eclipse/osgi/storage/bundlefile/BundleEntry;Ljava/util/List;)Ljava/lang/Class; (636 bytes) @ 0x000001f3b61c6f44 [0x000001f3b61c5560+0x00000000000019e4]
J 1697 c1 org.eclipse.osgi.internal.loader.classpath.ClasspathManager.findClassImpl(Ljava/lang/String;Lorg/eclipse/osgi/internal/loader/classpath/ClasspathEntry;Ljava/util/List;)Ljava/lang/Class; (308 bytes) @ 0x000001f3b61cd3e4 [0x000001f3b61ca640+0x0000000000002da4]
J 1504 c1 org.eclipse.osgi.internal.loader.classpath.ClasspathManager.findLocalClassImpl(Ljava/lang/String;[Lorg/eclipse/osgi/internal/loader/classpath/ClasspathEntry;Ljava/util/List;)Ljava/lang/Class; (55 bytes) @ 0x000001f3b615d3cc [0x000001f3b615d240+0x000000000000018c]
J 1503 c1 org.eclipse.osgi.internal.loader.classpath.ClasspathManager.findLocalClassImpl(Ljava/lang/String;Ljava/util/List;)Ljava/lang/Class; (132 bytes) @ 0x000001f3b615c9d4 [0x000001f3b615c4c0+0x0000000000000514]
J 1582 c1 org.eclipse.osgi.internal.loader.classpath.ClasspathManager.findLocalClass(Ljava/lang/String;)Ljava/lang/Class; (210 bytes) @ 0x000001f3b617e23c [0x000001f3b617d5a0+0x0000000000000c9c]
J 1495 c1 org.eclipse.osgi.internal.loader.BundleLoader.findLocalClass(Ljava/lang/String;)Ljava/lang/Class; (152 bytes) @ 0x000001f3b614c56c [0x000001f3b614bd20+0x000000000000084c]
J 1466 c1 org.eclipse.osgi.internal.loader.BundleLoader.findClass0(Ljava/lang/String;Z)Ljava/lang/Class; (461 bytes) @ 0x000001f3b61356f4 [0x000001f3b6133020+0x00000000000026d4]
J 1422 c1 org.eclipse.osgi.internal.loader.BundleLoader.findClass(Ljava/lang/String;)Ljava/lang/Class; (7 bytes) @ 0x000001f3b6111d9c [0x000001f3b6111d20+0x000000000000007c]
J 1467 c1 org.eclipse.osgi.internal.loader.ModuleClassLoader.loadClass(Ljava/lang/String;Z)Ljava/lang/Class; (20 bytes) @ 0x000001f3b61384fc [0x000001f3b61383e0+0x000000000000011c]
J 659 c1 java.lang.ClassLoader.loadClass(Ljava/lang/String;)Ljava/lang/Class; java.base@17.0.1 (7 bytes) @ 0x000001f3b5fa8abc [0x000001f3b5fa89c0+0x00000000000000fc]
v  ~StubRoutines::call_stub
j  org.eclipse.core.internal.resources.Workspace.<init>()V+41
j  org.eclipse.core.resources.ResourcesPlugin.start(Lorg/osgi/framework/BundleContext;)V+43
j  org.eclipse.osgi.internal.framework.BundleContextImpl.lambda$2(Lorg/osgi/framework/BundleActivator;)Ljava/lang/Void;+11
j  org.eclipse.osgi.internal.framework.BundleContextImpl$$Lambda$77+0x0000000100133e08.run()Ljava/lang/Object;+8
J 1046 c1 java.security.AccessController.executePrivileged(Ljava/security/PrivilegedExceptionAction;Ljava/security/AccessControlContext;Ljava/lang/Class;)Ljava/lang/Object; java.base@17.0.1 (65 bytes) @ 0x000001f3b60529b4 [0x000001f3b6052860+0x0000000000000154]
j  java.security.AccessController.doPrivileged(Ljava/security/PrivilegedExceptionAction;)Ljava/lang/Object;+9 java.base@17.0.1
j  org.eclipse.osgi.internal.framework.BundleContextImpl.startActivator(Lorg/osgi/framework/BundleActivator;)V+7
j  org.eclipse.osgi.internal.framework.BundleContextImpl.start()V+134
j  org.eclipse.osgi.internal.framework.EquinoxBundle.startWorker0()V+35
j  org.eclipse.osgi.internal.framework.EquinoxBundle$EquinoxModule.startWorker()V+4
j  org.eclipse.osgi.container.Module.doStart([Lorg/eclipse/osgi/container/Module$StartOptions;)Lorg/eclipse/osgi/container/ModuleContainerAdaptor$ModuleEvent;+190
j  org.eclipse.osgi.container.Module.start([Lorg/eclipse/osgi/container/Module$StartOptions;)V+460
j  org.eclipse.osgi.framework.util.SecureAction.start(Lorg/eclipse/osgi/container/Module;[Lorg/eclipse/osgi/container/Module$StartOptions;)V+8
J 1497 c1 org.eclipse.osgi.internal.hooks.EclipseLazyStarter.postFindLocalClass(Ljava/lang/String;Ljava/lang/Class;Lorg/eclipse/osgi/internal/loader/classpath/ClasspathManager;)V (394 bytes) @ 0x000001f3b614f4dc [0x000001f3b614e560+0x0000000000000f7c]
j  org.eclipse.osgi.internal.loader.classpath.ClasspathManager.findLocalClass(Ljava/lang/String;)Ljava/lang/Class;+148
J 1495 c1 org.eclipse.osgi.internal.loader.BundleLoader.findLocalClass(Ljava/lang/String;)Ljava/lang/Class; (152 bytes) @ 0x000001f3b614c56c [0x000001f3b614bd20+0x000000000000084c]
J 1466 c1 org.eclipse.osgi.internal.loader.BundleLoader.findClass0(Ljava/lang/String;Z)Ljava/lang/Class; (461 bytes) @ 0x000001f3b61356f4 [0x000001f3b6133020+0x00000000000026d4]
J 1422 c1 org.eclipse.osgi.internal.loader.BundleLoader.findClass(Ljava/lang/String;)Ljava/lang/Class; (7 bytes) @ 0x000001f3b6111d9c [0x000001f3b6111d20+0x000000000000007c]
J 1467 c1 org.eclipse.osgi.internal.loader.ModuleClassLoader.loadClass(Ljava/lang/String;Z)Ljava/lang/Class; (20 bytes) @ 0x000001f3b61384fc [0x000001f3b61383e0+0x000000000000011c]
J 659 c1 java.lang.ClassLoader.loadClass(Ljava/lang/String;)Ljava/lang/Class; java.base@17.0.1 (7 bytes) @ 0x000001f3b5fa8abc [0x000001f3b5fa89c0+0x00000000000000fc]
v  ~StubRoutines::call_stub
j  java.lang.Class.getDeclaredConstructors0(Z)[Ljava/lang/reflect/Constructor;+0 java.base@17.0.1
j  java.lang.Class.privateGetDeclaredConstructors(Z)[Ljava/lang/reflect/Constructor;+52 java.base@17.0.1
j  java.lang.Class.getConstructor0([Ljava/lang/Class;I)Ljava/lang/reflect/Constructor;+14 java.base@17.0.1
j  java.lang.Class.getConstructor([Ljava/lang/Class;)Ljava/lang/reflect/Constructor;+24 java.base@17.0.1
j  org.eclipse.osgi.internal.framework.BundleContextImpl.loadBundleActivator()Lorg/osgi/framework/BundleActivator;+105
j  org.eclipse.osgi.internal.framework.BundleContextImpl.start()V+18
j  org.eclipse.osgi.internal.framework.EquinoxBundle.startWorker0()V+35
j  org.eclipse.osgi.internal.framework.EquinoxBundle$EquinoxModule.startWorker()V+4
j  org.eclipse.osgi.container.Module.doStart([Lorg/eclipse/osgi/container/Module$StartOptions;)Lorg/eclipse/osgi/container/ModuleContainerAdaptor$ModuleEvent;+190
j  org.eclipse.osgi.container.Module.start([Lorg/eclipse/osgi/container/Module$StartOptions;)V+460
j  org.eclipse.osgi.container.ModuleContainer$ContainerStartLevel.lambda$1(Ljava/util/concurrent/CountDownLatch;Lorg/eclipse/osgi/container/Module;I)V+58
j  org.eclipse.osgi.container.ModuleContainer$ContainerStartLevel$$Lambda$88+0x000000010014bbf8.run()V+16
j  org.eclipse.osgi.internal.framework.EquinoxContainerAdaptor$$Lambda$87+0x000000010014b9e0.execute(Ljava/lang/Runnable;)V+1
j  org.eclipse.osgi.container.ModuleContainer$ContainerStartLevel.incStartLevel(ILjava/util/List;Z)V+187
j  org.eclipse.osgi.container.ModuleContainer$ContainerStartLevel.incStartLevel(ILjava/util/List;Ljava/util/List;Ljava/util/List;Ljava/util/List;)V+19
j  org.eclipse.osgi.container.ModuleContainer$ContainerStartLevel.doContainerStartLevel(Lorg/eclipse/osgi/container/Module;I[Lorg/osgi/framework/FrameworkListener;)V+349
j  org.eclipse.osgi.container.ModuleContainer$ContainerStartLevel.dispatchEvent(Lorg/eclipse/osgi/container/Module;[Lorg/osgi/framework/FrameworkListener;ILjava/lang/Integer;)V+32
j  org.eclipse.osgi.container.ModuleContainer$ContainerStartLevel.dispatchEvent(Ljava/lang/Object;Ljava/lang/Object;ILjava/lang/Object;)V+15
j  org.eclipse.osgi.framework.eventmgr.EventManager.dispatchEvent(Ljava/util/Set;Lorg/eclipse/osgi/framework/eventmgr/EventDispatcher;ILjava/lang/Object;)V+48
j  org.eclipse.osgi.framework.eventmgr.EventManager$EventThread.run()V+26
v  ~StubRoutines::call_stub

---------------  P R O C E S S  ---------------

Threads class SMR info:
_java_thread_list=0x000001f3c830dbf0, length=18, elements={
0x000001f3b2c748c0, 0x000001f3b2ae7420, 0x000001f3b2ae8d10, 0x000001f3b2aecac0,
0x000001f3b2aedda0, 0x000001f3b2aee860, 0x000001f3c7dcbad0, 0x000001f3c7dcc970,
0x000001f3c7dd4580, 0x000001f3c7dd5dc0, 0x000001f3c7eeb030, 0x000001f3c803df70,
0x000001f3c86fa190, 0x000001f3c87cfab0, 0x000001f3c87d0710, 0x000001f3c8a2ae10,
0x000001f3c87f2c70, 0x000001f3c8988c10
}

Java Threads: ( => current thread )
  0x000001f3b2c748c0 JavaThread "main" [_thread_blocked, id=27416, stack(0x00000076bfa00000,0x00000076bfb00000)]
  0x000001f3b2ae7420 JavaThread "Reference Handler" daemon [_thread_blocked, id=29024, stack(0x00000076bfd00000,0x00000076bfe00000)]
  0x000001f3b2ae8d10 JavaThread "Finalizer" daemon [_thread_blocked, id=24536, stack(0x00000076bfe00000,0x00000076bff00000)]
  0x000001f3b2aecac0 JavaThread "Signal Dispatcher" daemon [_thread_blocked, id=19672, stack(0x00000076bff00000,0x00000076c0000000)]
  0x000001f3b2aedda0 JavaThread "Attach Listener" daemon [_thread_blocked, id=6444, stack(0x00000076c0000000,0x00000076c0100000)]
  0x000001f3b2aee860 JavaThread "Service Thread" daemon [_thread_blocked, id=29312, stack(0x00000076c0100000,0x00000076c0200000)]
  0x000001f3c7dcbad0 JavaThread "Monitor Deflation Thread" daemon [_thread_blocked, id=27848, stack(0x00000076c0200000,0x00000076c0300000)]
  0x000001f3c7dcc970 JavaThread "C2 CompilerThread0" daemon [_thread_blocked, id=26888, stack(0x00000076c0300000,0x00000076c0400000)]
  0x000001f3c7dd4580 JavaThread "C1 CompilerThread0" daemon [_thread_blocked, id=28792, stack(0x00000076c0400000,0x00000076c0500000)]
  0x000001f3c7dd5dc0 JavaThread "Sweeper thread" daemon [_thread_blocked, id=28996, stack(0x00000076c0500000,0x00000076c0600000)]
  0x000001f3c7eeb030 JavaThread "Common-Cleaner" daemon [_thread_blocked, id=21224, stack(0x00000076c0600000,0x00000076c0700000)]
  0x000001f3c803df70 JavaThread "Notification Thread" daemon [_thread_blocked, id=12032, stack(0x00000076c0800000,0x00000076c0900000)]
  0x000001f3c86fa190 JavaThread "Active Thread: Equinox Container: 9e82c87d-b69a-445a-b9cf-a4f0c1bde286" [_thread_blocked, id=28924, stack(0x00000076c0a00000,0x00000076c0b00000)]
  0x000001f3c87cfab0 JavaThread "Framework Event Dispatcher: Equinox Container: 9e82c87d-b69a-445a-b9cf-a4f0c1bde286" daemon [_thread_blocked, id=10188, stack(0x00000076c0b00000,0x00000076c0c00000)]
=>0x000001f3c87d0710 JavaThread "Start Level: Equinox Container: 9e82c87d-b69a-445a-b9cf-a4f0c1bde286" daemon [_thread_in_vm, id=25580, stack(0x00000076c0c00000,0x00000076c0d00000)]
  0x000001f3c8a2ae10 JavaThread "SCR Component Actor" daemon [_thread_blocked, id=11552, stack(0x00000076c0d00000,0x00000076c0e00000)]
  0x000001f3c87f2c70 JavaThread "Timer-0" [_thread_blocked, id=27820, stack(0x00000076c0e00000,0x00000076c0f00000)]
  0x000001f3c8988c10 JavaThread "Worker-JM" [_thread_blocked, id=19684, stack(0x00000076c0f00000,0x00000076c1000000)]

Other Threads:
  0x000001f3b2ae2b10 VMThread "VM Thread" [stack: 0x00000076bfc00000,0x00000076bfd00000] [id=4204]
  0x000001f3c803f450 WatcherThread [stack: 0x00000076c0900000,0x00000076c0a00000] [id=17860]
  0x000001f3b2c8eab0 GCTaskThread "GC Thread#0" [stack: 0x00000076bfb00000,0x00000076bfc00000] [id=27040]

Threads with active compile tasks:

VM state: not at safepoint (normal execution)

VM Mutex/Monitor currently owned by a thread:  ([mutex/lock_event])
[0x000001f3b0b8e6a0] Metaspace_lock - owner thread: 0x000001f3c87d0710

Heap address: 0x00000000e0000000, size: 512 MB, Compressed Oops mode: 32-bit

CDS archive(s) not mapped
Compressed class space mapped at: 0x0000000100000000-0x0000000140000000, reserved size: 1073741824
Narrow klass base: 0x0000000000000000, Narrow klass shift: 3, Narrow klass range: 0x140000000

GC Precious Log:
 CPUs: 8 total, 8 available
 Memory: 16198M
 Large Page Support: Disabled
 NUMA Support: Disabled
 Compressed Oops: Enabled (32-bit)
 Alignments: Space 512K, Generation 512K, Heap 2M
 Heap Min Capacity: 512M
 Heap Initial Capacity: 512M
 Heap Max Capacity: 512M
 Pre-touch: Disabled
 Parallel Workers: 8

Heap:
 PSYoungGen      total 153088K, used 50134K [0x00000000f5580000, 0x0000000100000000, 0x0000000100000000)
  eden space 131584K, 38% used [0x00000000f5580000,0x00000000f8675b98,0x00000000fd600000)
  from space 21504K, 0% used [0x00000000feb00000,0x00000000feb00000,0x0000000100000000)
  to   space 21504K, 0% used [0x00000000fd600000,0x00000000fd600000,0x00000000feb00000)
 ParOldGen       total 349696K, used 0K [0x00000000e0000000, 0x00000000f5580000, 0x00000000f5580000)
  object space 349696K, 0% used [0x00000000e0000000,0x00000000e0000000,0x00000000f5580000)
 Metaspace       used 17964K, committed 18240K, reserved 1064960K
  class space    used 1856K, committed 1984K, reserved 1048576K

Card table byte_map: [0x000001f3b2630000,0x000001f3b2740000] _byte_map_base: 0x000001f3b1f30000

Marking Bits: (ParMarkBitMap*) 0x00007ffd507b2a60
 Begin Bits: [0x000001f3c4900000, 0x000001f3c5100000)
 End Bits:   [0x000001f3c5100000, 0x000001f3c5900000)

Polling page: 0x000001f3b0b40000

Metaspace:

Usage:
  Non-class:     15.73 MB used.
      Class:      1.81 MB used.
       Both:     17.54 MB used.

Virtual space:
  Non-class space:       16.00 MB reserved,      15.88 MB (>99%) committed,  2 nodes.
      Class space:        1.00 GB reserved,       1.94 MB ( <1%) committed,  1 nodes.
             Both:        1.02 GB reserved,      17.81 MB (  2%) committed. 

Chunk freelists:
   Non-Class:  48.00 KB
       Class:  1.94 MB
        Both:  1.99 MB

MaxMetaspaceSize: unlimited
CompressedClassSpaceSize: 1.00 GB
Initial GC threshold: 21.00 MB
Current GC threshold: 21.00 MB
CDS: off
MetaspaceReclaimPolicy: balanced
 - commit_granule_bytes: 65536.
 - commit_granule_words: 8192.
 - virtual_space_node_default_size: 1048576.
 - enlarge_chunks_in_place: 1.
 - new_chunks_are_fully_committed: 0.
 - uncommit_free_chunks: 1.
 - use_allocation_guard: 0.
 - handle_deallocations: 1.


Internal statistics:

num_allocs_failed_limit: 0.
num_arena_births: 140.
num_arena_deaths: 0.
num_vsnodes_births: 3.
num_vsnodes_deaths: 0.
num_space_committed: 285.
num_space_uncommitted: 0.
num_chunks_returned_to_freelist: 0.
num_chunks_taken_from_freelist: 500.
num_chunk_merges: 0.
num_chunk_splits: 318.
num_chunks_enlarged: 214.
num_purges: 0.
num_inconsistent_stats: 0.

CodeHeap 'non-profiled nmethods': size=120000Kb used=565Kb max_used=565Kb free=119434Kb
 bounds [0x000001f3bd3d0000, 0x000001f3bd640000, 0x000001f3c4900000]
CodeHeap 'profiled nmethods': size=120000Kb used=3353Kb max_used=3353Kb free=116646Kb
 bounds [0x000001f3b5ea0000, 0x000001f3b61f0000, 0x000001f3bd3d0000]
CodeHeap 'non-nmethods': size=5760Kb used=1172Kb max_used=1197Kb free=4587Kb
 bounds [0x000001f3b5900000, 0x000001f3b5b70000, 0x000001f3b5ea0000]
 total_blobs=2203 nmethods=1730 adapters=387
 compilation: enabled
              stopped_count=0, restarted_count=0
 full_count=0

Compilation events (20 events):
Event: 2.013 Thread 0x000001f3c7dd4580 nmethod 1718 0x000001f3b61e0790 code [0x000001f3b61e0960, 0x000001f3b61e0c28]
Event: 2.013 Thread 0x000001f3c7dd4580 1721       1       java.lang.reflect.Field::getName (5 bytes)
Event: 2.013 Thread 0x000001f3c7dd4580 nmethod 1721 0x000001f3bd45cd90 code [0x000001f3bd45cf20, 0x000001f3bd45cff8]
Event: 2.013 Thread 0x000001f3c7dd4580 1722       3       org.eclipse.osgi.storage.bundlefile.ZipBundleEntry::getSize (8 bytes)
Event: 2.013 Thread 0x000001f3c7dd4580 nmethod 1722 0x000001f3b61e0d90 code [0x000001f3b61e0f20, 0x000001f3b61e10d8]
Event: 2.013 Thread 0x000001f3c7dd4580 1723   !   3       org.eclipse.osgi.internal.loader.ModuleClassLoader::publicGetPackage (18 bytes)
Event: 2.014 Thread 0x000001f3c7dd4580 nmethod 1723 0x000001f3b61e1190 code [0x000001f3b61e1340, 0x000001f3b61e15c8]
Event: 2.014 Thread 0x000001f3c7dd4580 1724   !   3       org.eclipse.osgi.internal.weaving.WeavingHookConfigurator::processClass (245 bytes)
Event: 2.016 Thread 0x000001f3c7dd4580 nmethod 1724 0x000001f3b61e1710 code [0x000001f3b61e1ac0, 0x000001f3b61e3778]
Event: 2.016 Thread 0x000001f3c7dd4580 1729       3       org.eclipse.osgi.internal.weaving.WovenClassImpl::setWeavingCompleted (53 bytes)
Event: 2.016 Thread 0x000001f3c7dd4580 nmethod 1729 0x000001f3b61e4590 code [0x000001f3b61e4740, 0x000001f3b61e49e8]
Event: 2.016 Thread 0x000001f3c7dd4580 1725       3       org.eclipse.osgi.internal.weaving.WeavingHookConfigurator::getRegistry (8 bytes)
Event: 2.016 Thread 0x000001f3c7dd4580 nmethod 1725 0x000001f3b61e4a90 code [0x000001f3b61e4c40, 0x000001f3b61e4e98]
Event: 2.016 Thread 0x000001f3c7dd4580 1726   !   3       org.eclipse.osgi.internal.loader.ModuleClassLoader::unlockClassName (34 bytes)
Event: 2.016 Thread 0x000001f3c7dd4580 nmethod 1726 0x000001f3b61e5010 code [0x000001f3b61e51c0, 0x000001f3b61e54b8]
Event: 2.016 Thread 0x000001f3c7dd4580 1727       3       org.eclipse.osgi.internal.loader.ModuleClassLoader$DefineClassResult::<init> (15 bytes)
Event: 2.016 Thread 0x000001f3c7dd4580 nmethod 1727 0x000001f3b61e5690 code [0x000001f3b61e5820, 0x000001f3b61e59b8]
Event: 2.016 Thread 0x000001f3c7dd4580 1728       3       org.eclipse.osgi.internal.weaving.WeavingHookConfigurator::recordClassDefine (65 bytes)
Event: 2.017 Thread 0x000001f3c7dd4580 nmethod 1728 0x000001f3b61e5a90 code [0x000001f3b61e5ca0, 0x000001f3b61e6368]
Event: 2.021 Thread 0x000001f3c7dcc970 1730       4       java.lang.StringLatin1::inflate (34 bytes)

GC Heap History (0 events):
No events

Deoptimization events (20 events):
Event: 1.811 Thread 0x000001f3c87d0710 DEOPT PACKING pc=0x000001f3bd44b104 sp=0x00000076c0cf8350
Event: 1.811 Thread 0x000001f3c87d0710 DEOPT UNPACKING pc=0x000001f3b59520a3 sp=0x00000076c0cf8300 mode 2
Event: 1.811 Thread 0x000001f3c87d0710 Uncommon trap: trap_request=0xffffffc6 fr.pc=0x000001f3bd44b104 relative=0x0000000000000cc4
Event: 1.811 Thread 0x000001f3c87d0710 Uncommon trap: reason=bimorphic_or_optimized_type_check action=maybe_recompile pc=0x000001f3bd44b104 method=java.io.DataInputStream.readInt()I @ 4 c2
Event: 1.811 Thread 0x000001f3c87d0710 DEOPT PACKING pc=0x000001f3bd44b104 sp=0x00000076c0cf8350
Event: 1.811 Thread 0x000001f3c87d0710 DEOPT UNPACKING pc=0x000001f3b59520a3 sp=0x00000076c0cf8300 mode 2
Event: 1.899 Thread 0x000001f3c87d0710 Uncommon trap: trap_request=0xffffff45 fr.pc=0x000001f3bd3ed7a0 relative=0x0000000000000380
Event: 1.899 Thread 0x000001f3c87d0710 Uncommon trap: reason=unstable_if action=reinterpret pc=0x000001f3bd3ed7a0 method=java.lang.StringLatin1.canEncode(I)Z @ 4 c2
Event: 1.899 Thread 0x000001f3c87d0710 DEOPT PACKING pc=0x000001f3bd3ed7a0 sp=0x00000076c0cf86f0
Event: 1.899 Thread 0x000001f3c87d0710 DEOPT UNPACKING pc=0x000001f3b59520a3 sp=0x00000076c0cf8618 mode 2
Event: 1.899 Thread 0x000001f3c87d0710 Uncommon trap: trap_request=0xffffff45 fr.pc=0x000001f3bd3ff264 relative=0x0000000000000344
Event: 1.899 Thread 0x000001f3c87d0710 Uncommon trap: reason=unstable_if action=reinterpret pc=0x000001f3bd3ff264 method=java.lang.AbstractStringBuilder.isLatin1()Z @ 10 c2
Event: 1.899 Thread 0x000001f3c87d0710 DEOPT PACKING pc=0x000001f3bd3ff264 sp=0x00000076c0cf8700
Event: 1.899 Thread 0x000001f3c87d0710 DEOPT UNPACKING pc=0x000001f3b59520a3 sp=0x00000076c0cf8690 mode 2
Event: 1.907 Thread 0x000001f3c87d0710 Uncommon trap: trap_request=0xffffff45 fr.pc=0x000001f3bd3e3148 relative=0x0000000000000048
Event: 1.907 Thread 0x000001f3c87d0710 Uncommon trap: reason=unstable_if action=reinterpret pc=0x000001f3bd3e3148 method=java.lang.CharacterData.of(I)Ljava/lang/CharacterData; @ 4 c2
Event: 1.907 Thread 0x000001f3c87d0710 DEOPT PACKING pc=0x000001f3bd3e3148 sp=0x00000076c0cf7ec0
Event: 1.907 Thread 0x000001f3c87d0710 DEOPT UNPACKING pc=0x000001f3b59520a3 sp=0x00000076c0cf7e58 mode 2
Event: 2.021 Thread 0x000001f3c87d0710 DEOPT PACKING pc=0x000001f3b5f86dbe sp=0x00000076c0cf9a40
Event: 2.021 Thread 0x000001f3c87d0710 DEOPT UNPACKING pc=0x000001f3b5952843 sp=0x00000076c0cf8eb8 mode 0

Classes unloaded (0 events):
No events

Classes redefined (0 events):
No events

Internal exceptions (20 events):
Event: 0.643 Thread 0x000001f3b2c748c0 Implicit null exception at 0x000001f3bd40056c to 0x000001f3bd400748
Event: 0.643 Thread 0x000001f3b2c748c0 Implicit null exception at 0x000001f3bd3f540f to 0x000001f3bd3f5489
Event: 0.703 Thread 0x000001f3b2c748c0 Exception <a 'java/lang/NoSuchMethodError'{0x00000000f6696710}: 'int java.lang.invoke.DirectMethodHandle$Holder.invokeStaticInit(java.lang.Object, java.lang.Object, java.lang.Object, java.lang.Object)'> (0x00000000f6696710) 
thrown [e:\jenkins\tmp\workspace\build\src\src\hotspot\share\interpreter\linkResolver.cpp, line 766]
Event: 0.706 Thread 0x000001f3b2c748c0 Exception <a 'java/lang/NoSuchMethodError'{0x00000000f66a0d80}: 'java.lang.Object java.lang.invoke.DirectMethodHandle$Holder.invokeInterface(java.lang.Object, java.lang.Object)'> (0x00000000f66a0d80) 
thrown [e:\jenkins\tmp\workspace\build\src\src\hotspot\share\interpreter\linkResolver.cpp, line 766]
Event: 0.707 Thread 0x000001f3b2c748c0 Exception <a 'java/lang/IncompatibleClassChangeError'{0x00000000f66a4578}: Found class java.lang.Object, but interface was expected> (0x00000000f66a4578) 
thrown [e:\jenkins\tmp\workspace\build\src\src\hotspot\share\interpreter\linkResolver.cpp, line 833]
Event: 0.708 Thread 0x000001f3b2c748c0 Exception <a 'java/lang/NoSuchMethodError'{0x00000000f66a7498}: 'void java.lang.invoke.DirectMethodHandle$Holder.invokeStatic(java.lang.Object, java.lang.Object)'> (0x00000000f66a7498) 
thrown [e:\jenkins\tmp\workspace\build\src\src\hotspot\share\interpreter\linkResolver.cpp, line 766]
Event: 0.709 Thread 0x000001f3b2c748c0 Exception <a 'java/lang/NoSuchMethodError'{0x00000000f66aac98}: 'void java.lang.invoke.DirectMethodHandle$Holder.invokeStaticInit(java.lang.Object, java.lang.Object)'> (0x00000000f66aac98) 
thrown [e:\jenkins\tmp\workspace\build\src\src\hotspot\share\interpreter\linkResolver.cpp, line 766]
Event: 0.711 Thread 0x000001f3b2c748c0 Exception <a 'java/lang/NoSuchMethodError'{0x00000000f66b0838}: 'int java.lang.invoke.DirectMethodHandle$Holder.invokeStaticInit(java.lang.Object, java.lang.Object)'> (0x00000000f66b0838) 
thrown [e:\jenkins\tmp\workspace\build\src\src\hotspot\share\interpreter\linkResolver.cpp, line 766]
Event: 0.732 Thread 0x000001f3b2c748c0 Exception <a 'java/lang/NoSuchMethodError'{0x00000000f67016f8}: 'java.lang.Object java.lang.invoke.DirectMethodHandle$Holder.invokeStaticInit(java.lang.Object, int, int, int, int)'> (0x00000000f67016f8) 
thrown [e:\jenkins\tmp\workspace\build\src\src\hotspot\share\interpreter\linkResolver.cpp, line 766]
Event: 0.848 Thread 0x000001f3b2c748c0 Exception <a 'java/lang/NoSuchMethodError'{0x00000000f6739830}: 'java.lang.Object java.lang.invoke.DirectMethodHandle$Holder.invokeStaticInit(java.lang.Object, java.lang.Object, int, int, int, int)'> (0x00000000f6739830) 
thrown [e:\jenkins\tmp\workspace\build\src\src\hotspot\share\interpreter\linkResolver.cpp, line 766]
Event: 0.873 Thread 0x000001f3b2c748c0 Exception <a 'java/lang/NoSuchMethodError'{0x00000000f67adfb8}: 'void java.lang.invoke.DirectMethodHandle$Holder.invokeSpecial(java.lang.Object, java.lang.Object, java.lang.Object)'> (0x00000000f67adfb8) 
thrown [e:\jenkins\tmp\workspace\build\src\src\hotspot\share\interpreter\linkResolver.cpp, line 766]
Event: 0.895 Thread 0x000001f3b2c748c0 Exception <a 'java/lang/NoSuchMethodError'{0x00000000f6835408}: 'void java.lang.invoke.DirectMethodHandle$Holder.invokeInterface(java.lang.Object, java.lang.Object)'> (0x00000000f6835408) 
thrown [e:\jenkins\tmp\workspace\build\src\src\hotspot\share\interpreter\linkResolver.cpp, line 766]
Event: 0.907 Thread 0x000001f3b2c748c0 Exception <a 'java/lang/NoSuchMethodError'{0x00000000f685d8c8}: 'java.lang.Object java.lang.invoke.DirectMethodHandle$Holder.newInvokeSpecial(java.lang.Object, int, java.lang.Object, java.lang.Object)'> (0x00000000f685d8c8) 
thrown [e:\jenkins\tmp\workspace\build\src\src\hotspot\share\interpreter\linkResolver.cpp, line 766]
Event: 1.004 Thread 0x000001f3b2c748c0 Exception <a 'java/lang/NoSuchMethodError'{0x00000000f6a3b008}: 'void java.lang.invoke.DirectMethodHandle$Holder.invokeStatic(java.lang.Object, java.lang.Object, java.lang.Object, java.lang.Object)'> (0x00000000f6a3b008) 
thrown [e:\jenkins\tmp\workspace\build\src\src\hotspot\share\interpreter\linkResolver.cpp, line 766]
Event: 1.077 Thread 0x000001f3b2c748c0 Exception <a 'java/lang/NoSuchMethodError'{0x00000000f6b2a768}: 'java.lang.Object java.lang.invoke.Invokers$Holder.invokeExact_MT(java.lang.Object, java.lang.Object, java.lang.Object, java.lang.Object, java.lang.Object, java.lang.Object)'> (0x00000000f6b2a768) 
thrown [e:\jenkins\tmp\workspace\build\src\src\hotspot\share\interpreter\linkResolver.cpp, line 766]
Event: 1.185 Thread 0x000001f3b2c748c0 Exception <a 'java/lang/NoSuchMethodError'{0x00000000f6cb8590}: 'java.lang.Object java.lang.invoke.DirectMethodHandle$Holder.newInvokeSpecial(java.lang.Object, int, java.lang.Object)'> (0x00000000f6cb8590) 
thrown [e:\jenkins\tmp\workspace\build\src\src\hotspot\share\interpreter\linkResolver.cpp, line 766]
Event: 1.392 Thread 0x000001f3b2c748c0 Exception <a 'java/lang/UnsatisfiedLinkError'{0x00000000f723e008}: 'void org.eclipse.equinox.launcher.JNIBridge._update_splash()'> (0x00000000f723e008) 
thrown [e:\jenkins\tmp\workspace\build\src\src\hotspot\share\prims\nativeLookup.cpp, line 543]
Event: 1.397 Thread 0x000001f3c87d0710 Exception <a 'java/lang/NoSuchMethodError'{0x00000000f7719598}: 'java.lang.Object java.lang.invoke.Invokers$Holder.linkToTargetMethod(java.lang.Object, java.lang.Object, java.lang.Object, int, java.lang.Object)'> (0x00000000f7719598) 
thrown [e:\jenkins\tmp\workspace\build\src\src\hotspot\share\interpreter\linkResolver.cpp, line 766]
Event: 1.627 Thread 0x000001f3c87d0710 Exception <a 'java/io/FileNotFoundException'{0x00000000f7d6d9d8}> (0x00000000f7d6d9d8) 
thrown [e:\jenkins\tmp\workspace\build\src\src\hotspot\share\prims\jni.cpp, line 516]
Event: 1.948 Thread 0x000001f3c87d0710 Exception <a 'java/lang/NoSuchMethodError'{0x00000000f81d3850}: 'void java.lang.invoke.DirectMethodHandle$Holder.invokeInterface(java.lang.Object, java.lang.Object, java.lang.Object)'> (0x00000000f81d3850) 
thrown [e:\jenkins\tmp\workspace\build\src\src\hotspot\share\interpreter\linkResolver.cpp, line 766]

VM Operations (20 events):
Event: 0.745 Executing VM operation: HandshakeAllThreads
Event: 0.745 Executing VM operation: HandshakeAllThreads done
Event: 0.964 Executing VM operation: ICBufferFull
Event: 0.964 Executing VM operation: ICBufferFull done
Event: 1.145 Executing VM operation: HandshakeAllThreads
Event: 1.145 Executing VM operation: HandshakeAllThreads done
Event: 1.153 Executing VM operation: HandshakeAllThreads
Event: 1.153 Executing VM operation: HandshakeAllThreads done
Event: 1.461 Executing VM operation: HandshakeAllThreads
Event: 1.461 Executing VM operation: HandshakeAllThreads done
Event: 1.586 Executing VM operation: HandshakeAllThreads
Event: 1.586 Executing VM operation: HandshakeAllThreads done
Event: 1.785 Executing VM operation: ICBufferFull
Event: 1.785 Executing VM operation: ICBufferFull done
Event: 1.812 Executing VM operation: HandshakeAllThreads
Event: 1.812 Executing VM operation: HandshakeAllThreads done
Event: 1.907 Executing VM operation: HandshakeAllThreads
Event: 1.907 Executing VM operation: HandshakeAllThreads done
Event: 1.911 Executing VM operation: HandshakeAllThreads
Event: 1.911 Executing VM operation: HandshakeAllThreads done

Events (20 events):
Event: 1.907 loading class java/lang/StringUTF16$CharsSpliterator
Event: 1.907 loading class java/lang/StringUTF16$CharsSpliterator done
Event: 1.907 loading class java/lang/CharacterData00
Event: 1.907 loading class java/lang/CharacterData00 done
Event: 1.909 loading class java/text/DecimalFormat
Event: 1.910 loading class java/text/DecimalFormat done
Event: 1.910 loading class java/text/FieldPosition
Event: 1.910 loading class java/text/FieldPosition done
Event: 1.910 loading class java/text/DigitList
Event: 1.911 loading class java/text/DigitList done
Event: 1.911 loading class java/math/RoundingMode
Event: 1.911 loading class java/math/RoundingMode done
Event: 1.957 Thread 0x000001f3c8988c10 Thread added: 0x000001f3c8988c10
Event: 1.959 loading class java/net/URISyntaxException
Event: 1.959 loading class java/net/URISyntaxException done
Event: 1.982 Thread 0x000001f3c861e0c0 Thread exited: 0x000001f3c861e0c0
Event: 2.009 loading class jdk/internal/misc/ScopedMemoryAccess$Scope
Event: 2.009 loading class jdk/internal/misc/ScopedMemoryAccess$Scope done
Event: 2.011 loading class jdk/internal/reflect/UnsafeStaticObjectFieldAccessorImpl
Event: 2.011 loading class jdk/internal/reflect/UnsafeStaticObjectFieldAccessorImpl done


Dynamic libraries:
0x00007ff75e000000 - 0x00007ff75e00e000 	c:\Users\nimitjohri\.vscode\extensions\redhat.java-1.2.0\jre\17.0.1-win32-x86_64\bin\java.exe
0x00007ffdd4e50000 - 0x00007ffdd5045000 	C:\WINDOWS\SYSTEM32\ntdll.dll
0x00007ffdd39a0000 - 0x00007ffdd3a5e000 	C:\WINDOWS\System32\KERNEL32.DLL
0x00007ffdd2880000 - 0x00007ffdd2b48000 	C:\WINDOWS\System32\KERNELBASE.dll
0x00007ffd96ce0000 - 0x00007ffd96cf8000 	c:\Users\nimitjohri\.vscode\extensions\redhat.java-1.2.0\jre\17.0.1-win32-x86_64\bin\jli.dll
0x00007ffdd2560000 - 0x00007ffdd2660000 	C:\WINDOWS\System32\ucrtbase.dll
0x00007ffdd3660000 - 0x00007ffdd3801000 	C:\WINDOWS\System32\USER32.dll
0x00007ffdbc390000 - 0x00007ffdbc62a000 	C:\WINDOWS\WinSxS\amd64_microsoft.windows.common-controls_6595b64144ccf1df_6.0.19041.1110_none_60b5254171f9507e\COMCTL32.dll
0x00007ffd96d00000 - 0x00007ffd96d19000 	c:\Users\nimitjohri\.vscode\extensions\redhat.java-1.2.0\jre\17.0.1-win32-x86_64\bin\VCRUNTIME140.dll
0x00007ffdd2850000 - 0x00007ffdd2872000 	C:\WINDOWS\System32\win32u.dll
0x00007ffdd3ba0000 - 0x00007ffdd3c3e000 	C:\WINDOWS\System32\msvcrt.dll
0x00007ffdd45c0000 - 0x00007ffdd45eb000 	C:\WINDOWS\System32\GDI32.dll
0x00007ffdd2c00000 - 0x00007ffdd2d0d000 	C:\WINDOWS\System32\gdi32full.dll
0x00007ffdd2d40000 - 0x00007ffdd2ddd000 	C:\WINDOWS\System32\msvcp_win.dll
0x00007ffdd49a0000 - 0x00007ffdd49d0000 	C:\WINDOWS\System32\IMM32.DLL
0x00007ffda5bf0000 - 0x00007ffda5bfc000 	c:\Users\nimitjohri\.vscode\extensions\redhat.java-1.2.0\jre\17.0.1-win32-x86_64\bin\vcruntime140_1.dll
0x00007ffd50880000 - 0x00007ffd50911000 	c:\Users\nimitjohri\.vscode\extensions\redhat.java-1.2.0\jre\17.0.1-win32-x86_64\bin\msvcp140.dll
0x00007ffd4fc30000 - 0x00007ffd50876000 	c:\Users\nimitjohri\.vscode\extensions\redhat.java-1.2.0\jre\17.0.1-win32-x86_64\bin\server\jvm.dll
0x00007ffdd3a60000 - 0x00007ffdd3b0c000 	C:\WINDOWS\System32\ADVAPI32.dll
0x00007ffdd4820000 - 0x00007ffdd48bb000 	C:\WINDOWS\System32\sechost.dll
0x00007ffdd3870000 - 0x00007ffdd399a000 	C:\WINDOWS\System32\RPCRT4.dll
0x00007ffdd3030000 - 0x00007ffdd3038000 	C:\WINDOWS\System32\PSAPI.DLL
0x00007ffda42a0000 - 0x00007ffda42a9000 	C:\WINDOWS\SYSTEM32\WSOCK32.dll
0x00007ffdb0fb0000 - 0x00007ffdb0fd7000 	C:\WINDOWS\SYSTEM32\WINMM.dll
0x00007ffdcb420000 - 0x00007ffdcb42a000 	C:\WINDOWS\SYSTEM32\VERSION.dll
0x00007ffdd4390000 - 0x00007ffdd43fb000 	C:\WINDOWS\System32\WS2_32.dll
0x00007ffdd02e0000 - 0x00007ffdd02f2000 	C:\WINDOWS\SYSTEM32\kernel.appcore.dll
0x00007ffda2a10000 - 0x00007ffda2a1a000 	c:\Users\nimitjohri\.vscode\extensions\redhat.java-1.2.0\jre\17.0.1-win32-x86_64\bin\jimage.dll
0x00007ffdbcee0000 - 0x00007ffdbd0c4000 	C:\WINDOWS\SYSTEM32\DBGHELP.DLL
0x00007ffdb6fa0000 - 0x00007ffdb6fcc000 	C:\WINDOWS\SYSTEM32\dbgcore.DLL
0x00007ffdd2660000 - 0x00007ffdd26e2000 	C:\WINDOWS\System32\bcryptPrimitives.dll
0x00007ffd96cb0000 - 0x00007ffd96cd5000 	c:\Users\nimitjohri\.vscode\extensions\redhat.java-1.2.0\jre\17.0.1-win32-x86_64\bin\java.dll
0x00007ffd6cd60000 - 0x00007ffd6cd78000 	c:\Users\nimitjohri\.vscode\extensions\redhat.java-1.2.0\jre\17.0.1-win32-x86_64\bin\zip.dll
0x00007ffdd3c40000 - 0x00007ffdd4384000 	C:\WINDOWS\System32\SHELL32.dll
0x00007ffdd0500000 - 0x00007ffdd0c94000 	C:\WINDOWS\SYSTEM32\windows.storage.dll
0x00007ffdd4ab0000 - 0x00007ffdd4e05000 	C:\WINDOWS\System32\combase.dll
0x00007ffdd1e00000 - 0x00007ffdd1e2e000 	C:\WINDOWS\SYSTEM32\Wldp.dll
0x00007ffdd4770000 - 0x00007ffdd481d000 	C:\WINDOWS\System32\SHCORE.dll
0x00007ffdd3810000 - 0x00007ffdd3865000 	C:\WINDOWS\System32\shlwapi.dll
0x00007ffdd24a0000 - 0x00007ffdd24bf000 	C:\WINDOWS\SYSTEM32\profapi.dll
0x00007ffd77420000 - 0x00007ffd77439000 	C:\Users\nimitjohri\.vscode\extensions\redhat.java-1.2.0\jre\17.0.1-win32-x86_64\bin\net.dll
0x00007ffdd1500000 - 0x00007ffdd160c000 	C:\WINDOWS\SYSTEM32\WINHTTP.dll
0x00007ffdd1be0000 - 0x00007ffdd1c4a000 	C:\WINDOWS\system32\mswsock.dll
0x00007ffd56380000 - 0x00007ffd56395000 	C:\Users\nimitjohri\.vscode\extensions\redhat.java-1.2.0\jre\17.0.1-win32-x86_64\bin\nio.dll
0x00007ffdd1e40000 - 0x00007ffdd1e58000 	C:\WINDOWS\SYSTEM32\CRYPTSP.dll
0x00007ffdd1470000 - 0x00007ffdd14a4000 	C:\WINDOWS\system32\rsaenh.dll
0x00007ffdd2d10000 - 0x00007ffdd2d37000 	C:\WINDOWS\System32\bcrypt.dll
0x00007ffdd2420000 - 0x00007ffdd244e000 	C:\WINDOWS\SYSTEM32\USERENV.dll
0x00007ffdd1d70000 - 0x00007ffdd1d7c000 	C:\WINDOWS\SYSTEM32\CRYPTBASE.dll
0x00007ffdd18f0000 - 0x00007ffdd192b000 	C:\WINDOWS\SYSTEM32\IPHLPAPI.DLL
0x00007ffdd2fc0000 - 0x00007ffdd2fc8000 	C:\WINDOWS\System32\NSI.dll
0x00007ffdccf90000 - 0x00007ffdccfa7000 	C:\WINDOWS\SYSTEM32\dhcpcsvc6.DLL
0x00007ffdccad0000 - 0x00007ffdccaed000 	C:\WINDOWS\SYSTEM32\dhcpcsvc.DLL
0x00007ffdd1930000 - 0x00007ffdd19fb000 	C:\WINDOWS\SYSTEM32\DNSAPI.dll
0x00007ffdb4870000 - 0x00007ffdb48ae000 	C:\Users\nimitjohri\AppData\Roaming\Code\User\globalStorage\redhat.java\1.2.0\config_ss_win\org.eclipse.equinox.launcher\org.eclipse.equinox.launcher.win32.win32.x86_64_1.2.400.v20211117-0650\eclipse_11602.dll
0x00007ffdd2e90000 - 0x00007ffdd2fba000 	C:\WINDOWS\System32\ole32.dll

dbghelp: loaded successfully - version: 4.0.5 - missing functions: none
symbol engine: initialized successfully - sym options: 0x614 - pdb path: .;c:\Users\nimitjohri\.vscode\extensions\redhat.java-1.2.0\jre\17.0.1-win32-x86_64\bin;C:\WINDOWS\SYSTEM32;C:\WINDOWS\WinSxS\amd64_microsoft.windows.common-controls_6595b64144ccf1df_6.0.19041.1110_none_60b5254171f9507e;c:\Users\nimitjohri\.vscode\extensions\redhat.java-1.2.0\jre\17.0.1-win32-x86_64\bin\server;C:\Users\nimitjohri\AppData\Roaming\Code\User\globalStorage\redhat.java\1.2.0\config_ss_win\org.eclipse.equinox.launcher\org.eclipse.equinox.launcher.win32.win32.x86_64_1.2.400.v20211117-0650

VM Arguments:
jvm_args: --add-modules=ALL-SYSTEM --add-opens=java.base/java.util=ALL-UNNAMED --add-opens=java.base/java.lang=ALL-UNNAMED -Declipse.application=org.eclipse.jdt.ls.core.id1 -Dosgi.bundles.defaultStartLevel=4 -Declipse.product=org.eclipse.jdt.ls.core.product -Djava.import.generatesMetadataFilesAtProjectRoot=false -Dfile.encoding=utf8 -DwatchParentProcess=false -XX:+UseParallelGC -XX:GCTimeRatio=4 -XX:AdaptiveSizePolicyWeight=90 -Dsun.zip.disableMemoryMapping=true -Xmx1G -Xms100m -Xmx512M -Xms512M 
java_command: c:\Users\nimitjohri\.vscode\extensions\redhat.java-1.2.0\server\plugins\org.eclipse.equinox.launcher_1.6.400.v20210924-0641.jar -configuration c:\Users\nimitjohri\AppData\Roaming\Code\User\globalStorage\redhat.java\1.2.0\config_ss_win -data c:\Users\nimitjohri\AppData\Roaming\Code\User\workspaceStorage\e9dfe86f46dc4352979bfe9d74bb40b0\redhat.java\ss_ws
java_class_path (initial): c:\Users\nimitjohri\.vscode\extensions\redhat.java-1.2.0\server\plugins\org.eclipse.equinox.launcher_1.6.400.v20210924-0641.jar
Launcher Type: SUN_STANDARD

[Global flags]
    uintx AdaptiveSizePolicyWeight                 = 90                                        {product} {command line}
     intx CICompilerCount                          = 4                                         {product} {ergonomic}
    uintx GCTimeRatio                              = 4                                         {product} {command line}
   size_t InitialHeapSize                          = 536870912                                 {product} {command line}
   size_t MaxHeapSize                              = 536870912                                 {product} {command line}
   size_t MaxNewSize                               = 178782208                                 {product} {ergonomic}
   size_t MinHeapDeltaBytes                        = 524288                                    {product} {ergonomic}
   size_t MinHeapSize                              = 536870912                                 {product} {command line}
   size_t NewSize                                  = 178782208                                 {product} {ergonomic}
    uintx NonNMethodCodeHeapSize                   = 5839372                                {pd product} {ergonomic}
    uintx NonProfiledCodeHeapSize                  = 122909434                              {pd product} {ergonomic}
   size_t OldSize                                  = 358088704                                 {product} {ergonomic}
    uintx ProfiledCodeHeapSize                     = 122909434                              {pd product} {ergonomic}
    uintx ReservedCodeCacheSize                    = 251658240                              {pd product} {ergonomic}
     bool SegmentedCodeCache                       = true                                      {product} {ergonomic}
   size_t SoftMaxHeapSize                          = 536870912                              {manageable} {ergonomic}
     bool UseCompressedClassPointers               = true                           {product lp64_product} {ergonomic}
     bool UseCompressedOops                        = true                           {product lp64_product} {ergonomic}
     bool UseLargePagesIndividualAllocation        = false                                  {pd product} {ergonomic}
     bool UseParallelGC                            = true                                      {product} {command line}

Logging:
Log output configuration:
 #0: stdout all=warning uptime,level,tags
 #1: stderr all=off uptime,level,tags

Environment Variables:
JAVA_HOME=C:\Program Files\Java\jdk-17.0.1
_JAVA_OPTIONS=-Xmx512M -Xms512M
PATH=C:\Program Files\Common Files\Oracle\Java\javapath;C:\Program Files\Eclipse Adoptium\jdk-17.0.1.12-hotspot\bin;C:\WINDOWS\system32;C:\WINDOWS;C:\WINDOWS\System32\Wbem;C:\WINDOWS\System32\WindowsPowerShell\v1.0\;C:\WINDOWS\System32\OpenSSH\;C:\Program Files\TortoiseSVN\bin;C:\Program Files\Amazon\AWSCLIV2\;D:\InstalledSoftwares\nodejs\;C:\ProgramData\chocolatey\bin;C:\Program Files\Java\jdk-14.0.1\bin;D:\InstalledSoftwares\Python\Python38;D:\InstalledSoftwares\Python\Python38\Scripts;D:\Softwares\openssh-8.3p1;D:\LutronProjects\aws-login-tool\node_modules\.bin;D:\InstalledSoftwares\WinSCP\;D:\InstalledSoftwares\apache-maven-3.6.3-bin\apache-maven-3.6.3\bin;C:\Program Files\Java\jdk-11.0.1\bin;C:\Progra~1\Java\jdk1.8.0_261\bin;D:\InstalledSoftwares\helm-v3.3.1-windows-amd64\windows-amd64;D:\InstalledSoftwares\spark-3.0.1-bin-hadoop2.7\spark-3.0.1-bin-hadoop2.7\bin;D:\InstalledSoftwares\scala\bin;D:\InstalledSoftwares\scala\bin;D:\InstalledSoftwares\zookeeper\apache-zookeeper-3.6.2\apache-zookeeper-3.6.2-bin\bin;D:\InstalledSoftwares\gradle-2.8-all\gradle-2.8\bin;%ZOOKEEPER_HOME%\bin;C:\Program Files\dotnet\;C:\Program Files\Microsoft SQL Server\130\Tools\Binn\;C:\Program Files\Microsoft SQL Server\Client SDK\ODBC\170\Tools\Binn\;C:\Program Files\Azure Data Studio\bin;C:\Program Files (x86)\dotnet\;C:\Program Files\Docker\Docker\resources\bin;C:\ProgramData\DockerDesktop\version-bin;C:\Program Files\Microsoft VS Code\bin;D:\InstalledSoftwares\Go\bin;C:\Program Files\Git\cmd;C:\Users\nimitjohri\AppData\Local\Microsoft\WindowsApps;$GOBIN\bin;D:\InstalledSoftwares\pdfc;D:\InstalledSoftwares\jfrog-artifactory-oss-6.20.0\artifactory-oss-6.20.0\bin;D:\InstalledSoftwares\sonarqube-8.4.1.35646\sonarqube-8.4.1.35646\bin\windows-x86-64;D:\InstalledSoftwares\sonar-scanner-cli-4.4.0.2170-windows\sonar-scanner-4.4.0.2170-windows\bin;D:\InstalledSoftwares\Jenkins;C:\Users\nimitjohri\.dotnet\tools;C:\Program Files\Azure Data Studio\bin;C:\Users\nimitjohri\go\bin;D:\InstalledSoftwar
USERNAME=nimitjohri
OS=Windows_NT
PROCESSOR_IDENTIFIER=Intel64 Family 6 Model 142 Stepping 12, GenuineIntel



---------------  S Y S T E M  ---------------

OS:
 Windows 10 , 64 bit Build 19041 (10.0.19041.1348)
OS uptime: 0 days 21:28 hours
Hyper-V role detected

CPU: total 8 (initial active 8) (4 cores per cpu, 2 threads per core) family 6 model 142 stepping 12 microcode 0xc6, cx8, cmov, fxsr, ht, mmx, 3dnowpref, sse, sse2, sse3, ssse3, sse4.1, sse4.2, popcnt, lzcnt, tsc, tscinvbit, avx, avx2, aes, erms, clmul, bmi1, bmi2, adx, fma, vzeroupper, clflush, clflushopt, hv

Memory: 4k page, system-wide physical 16198M (445M free)
TotalPageFile size 33758M (AvailPageFile size 533M)
current process WorkingSet (physical memory assigned to process): 92M, peak: 92M
current process commit charge ("private bytes"): 606M, peak: 606M

vm_info: OpenJDK 64-Bit Server VM (17.0.1+12) for windows-amd64 JRE (17.0.1+12), built on Oct 20 2021 07:42:55 by "" with MS VC++ 16.7 (VS2019)

END.
