#
# There is insufficient memory for the Java Runtime Environment to continue.
# Native memory allocation (mmap) failed to map 65536 bytes for Failed to commit metaspace.
# Possible reasons:
#   The system is out of physical RAM or swap space
#   The process is running with CompressedOops enabled, and the Java Heap may be blocking the growth of the native heap
# Possible solutions:
#   Reduce memory load on the system
#   Increase physical memory or swap space
#   Check if swap backing store is full
#   Decrease Java heap size (-Xmx/-Xms)
#   Decrease number of Java threads
#   Decrease Java thread stack sizes (-Xss)
#   Set larger code cache with -XX:ReservedCodeCacheSize=
#   JVM is running with Unscaled Compressed Oops mode in which the Java heap is
#     placed in the first 4GB address space. The Java Heap base address is the
#     maximum limit for the native heap growth. Please use -XX:HeapBaseMinAddress
#     to set the Java Heap base and to place the Java Heap above 4GB virtual address.
# This output file may be truncated or incomplete.
#
#  Out of Memory Error (virtualSpaceNode.cpp:110), pid=27396, tid=25760
#
# JRE version:  (17.0.1+12) (build )
# Java VM: OpenJDK 64-Bit Server VM (17.0.1+12, mixed mode, tiered, compressed oops, compressed class ptrs, parallel gc, windows-amd64)
# No core dump will be written. Minidumps are not enabled by default on client versions of Windows
#

---------------  S U M M A R Y ------------

Command Line: --add-modules=ALL-SYSTEM --add-opens=java.base/java.util=ALL-UNNAMED --add-opens=java.base/java.lang=ALL-UNNAMED -Declipse.application=org.eclipse.jdt.ls.core.id1 -Dosgi.bundles.defaultStartLevel=4 -Declipse.product=org.eclipse.jdt.ls.core.product -Djava.import.generatesMetadataFilesAtProjectRoot=false -Dfile.encoding=utf8 -DwatchParentProcess=false -XX:+UseParallelGC -XX:GCTimeRatio=4 -XX:AdaptiveSizePolicyWeight=90 -Dsun.zip.disableMemoryMapping=true -Xmx1G -Xms100m -XX:+HeapDumpOnOutOfMemoryError -XX:HeapDumpPath=c:\Users\nimitjohri\AppData\Roaming\Code\User\workspaceStorage\e9dfe86f46dc4352979bfe9d74bb40b0\redhat.java -Xmx512M -Xms512M c:\Users\nimitjohri\.vscode\extensions\redhat.java-1.2.0\server\plugins\org.eclipse.equinox.launcher_1.6.400.v20210924-0641.jar -configuration c:\Users\nimitjohri\AppData\Roaming\Code\User\globalStorage\redhat.java\1.2.0\config_win -data c:\Users\nimitjohri\AppData\Roaming\Code\User\workspaceStorage\e9dfe86f46dc4352979bfe9d74bb40b0\redhat.java\jdt_ws

Host: Intel(R) Core(TM) i5-8365U CPU @ 1.60GHz, 8 cores, 15G,  Windows 10 , 64 bit Build 19041 (10.0.19041.1348)
Time: Sat Jan  8 21:20:27 2022 India Standard Time elapsed time: 0.026895 seconds (0d 0h 0m 0s)

---------------  T H R E A D  ---------------

Current thread (0x000002208a5d4c00):  JavaThread "Unknown thread" [_thread_in_vm, id=25760, stack(0x000000f3be200000,0x000000f3be300000)]

Stack: [0x000000f3be200000,0x000000f3be300000]
Native frames: (J=compiled Java code, j=interpreted, Vv=VM code, C=native code)
V  [jvm.dll+0x6744da]
V  [jvm.dll+0x82e144]
V  [jvm.dll+0x82f8ee]
V  [jvm.dll+0x82ff53]
V  [jvm.dll+0x245175]
V  [jvm.dll+0x82a0eb]
V  [jvm.dll+0x619566]
V  [jvm.dll+0x6195ca]
V  [jvm.dll+0x61bdea]
V  [jvm.dll+0x619f06]
V  [jvm.dll+0x23ab30]
V  [jvm.dll+0x1ea82d]
V  [jvm.dll+0x1e0261]
V  [jvm.dll+0x53b150]
V  [jvm.dll+0x1f0a57]
V  [jvm.dll+0x7a87ab]
V  [jvm.dll+0x7a9b52]
V  [jvm.dll+0x7a9e88]
V  [jvm.dll+0x82c8cf]
V  [jvm.dll+0x82c63d]
V  [jvm.dll+0x7fe564]
V  [jvm.dll+0x7ffd1d]
V  [jvm.dll+0x368cc1]
V  [jvm.dll+0x7df2cc]
V  [jvm.dll+0x3eb59f]
V  [jvm.dll+0x3ed121]
C  [jli.dll+0x5277]
C  [ucrtbase.dll+0x21bb2]
C  [KERNEL32.DLL+0x17034]
C  [ntdll.dll+0x52651]


---------------  P R O C E S S  ---------------

Threads class SMR info:
_java_thread_list=0x00007ffd50744e58, length=0, elements={
}

Java Threads: ( => current thread )

Other Threads:
  0x000002208a5ef4d0 GCTaskThread "GC Thread#0" [stack: 0x000000f3be300000,0x000000f3be400000] [id=25152]

=>0x000002208a5d4c00 (exited) JavaThread "Unknown thread" [_thread_in_vm, id=25760, stack(0x000000f3be200000,0x000000f3be300000)]

Threads with active compile tasks:

VM state: not at safepoint (not fully initialized)

VM Mutex/Monitor currently owned by a thread:  ([mutex/lock_event])
[0x000002208a5cf060] Metaspace_lock - owner thread: 0x000002208a5d4c00

Heap address: 0x00000000e0000000, size: 512 MB, Compressed Oops mode: 32-bit

CDS archive(s) not mapped
Compressed class space mapped at: 0x0000000100000000-0x0000000140000000, reserved size: 1073741824
Narrow klass base: 0x0000000000000000, Narrow klass shift: 3, Narrow klass range: 0x140000000

GC Precious Log:
 CPUs: 8 total, 8 available
 Memory: 16198M
 Large Page Support: Disabled
 NUMA Support: Disabled
 Compressed Oops: Enabled (32-bit)
 Alignments: Space 512K, Generation 512K, Heap 2M
 Heap Min Capacity: 512M
 Heap Initial Capacity: 512M
 Heap Max Capacity: 512M
 Pre-touch: Disabled
 Parallel Workers: 8

Heap:
 PSYoungGen      total 153088K, used 2631K [0x00000000f5580000, 0x0000000100000000, 0x0000000100000000)
  eden space 131584K, 2% used [0x00000000f5580000,0x00000000f5811f28,0x00000000fd600000)
  from space 21504K, 0% used [0x00000000feb00000,0x00000000feb00000,0x0000000100000000)
  to   space 21504K, 0% used [0x00000000fd600000,0x00000000fd600000,0x00000000feb00000)
 ParOldGen       total 349696K, used 0K [0x00000000e0000000, 0x00000000f5580000, 0x00000000f5580000)
  object space 349696K, 0% used [0x00000000e0000000,0x00000000e0000000,0x00000000f5580000)
 Metaspace       used 558K, committed 576K, reserved 1056768K
  class space    used 53K, committed 64K, reserved 1048576K

Card table byte_map: [0x000002209dbf0000,0x000002209dd00000] _byte_map_base: 0x000002209d4f0000

Marking Bits: (ParMarkBitMap*) 0x00007ffd507b2a60
 Begin Bits: [0x000002209ddb0000, 0x000002209e5b0000)
 End Bits:   [0x000002209e5b0000, 0x000002209edb0000)

GC Heap History (0 events):
No events

Deoptimization events (0 events):
No events

Classes unloaded (0 events):
No events

Classes redefined (0 events):
No events

Internal exceptions (0 events):
No events

VM Operations (0 events):
No events

Events (20 events):
Event: 0.023 loading class jdk/internal/reflect/UnsafeStaticFieldAccessorImpl done
Event: 0.023 loading class jdk/internal/reflect/CallerSensitive
Event: 0.023 loading class java/lang/annotation/Annotation
Event: 0.023 loading class java/lang/annotation/Annotation done
Event: 0.023 loading class jdk/internal/reflect/CallerSensitive done
Event: 0.023 loading class jdk/internal/reflect/NativeConstructorAccessorImpl
Event: 0.023 loading class jdk/internal/reflect/NativeConstructorAccessorImpl done
Event: 0.023 loading class java/lang/invoke/DirectMethodHandle
Event: 0.024 loading class java/lang/invoke/MethodHandle
Event: 0.024 loading class java/lang/invoke/MethodHandle done
Event: 0.024 loading class java/lang/invoke/DirectMethodHandle done
Event: 0.024 loading class java/lang/invoke/VarHandle
Event: 0.024 loading class java/lang/invoke/VarHandle done
Event: 0.024 loading class java/lang/invoke/MemberName
Event: 0.024 loading class java/lang/invoke/MemberName done
Event: 0.024 loading class java/lang/invoke/ResolvedMethodName
Event: 0.024 loading class java/lang/invoke/ResolvedMethodName done
Event: 0.024 loading class java/lang/invoke/MethodHandleNatives
Event: 0.025 loading class java/lang/invoke/MethodHandleNatives done
Event: 0.025 loading class java/lang/invoke/LambdaForm


Dynamic libraries:
0x00007ff75e000000 - 0x00007ff75e00e000 	c:\Users\nimitjohri\.vscode\extensions\redhat.java-1.2.0\jre\17.0.1-win32-x86_64\bin\java.exe
0x00007ffdd4e50000 - 0x00007ffdd5045000 	C:\WINDOWS\SYSTEM32\ntdll.dll
0x00007ffdd39a0000 - 0x00007ffdd3a5e000 	C:\WINDOWS\System32\KERNEL32.DLL
0x00007ffdd2880000 - 0x00007ffdd2b48000 	C:\WINDOWS\System32\KERNELBASE.dll
0x00007ffd96ce0000 - 0x00007ffd96cf8000 	c:\Users\nimitjohri\.vscode\extensions\redhat.java-1.2.0\jre\17.0.1-win32-x86_64\bin\jli.dll
0x00007ffd96d00000 - 0x00007ffd96d19000 	c:\Users\nimitjohri\.vscode\extensions\redhat.java-1.2.0\jre\17.0.1-win32-x86_64\bin\VCRUNTIME140.dll
0x00007ffdd2560000 - 0x00007ffdd2660000 	C:\WINDOWS\System32\ucrtbase.dll
0x00007ffdd3660000 - 0x00007ffdd3801000 	C:\WINDOWS\System32\USER32.dll
0x00007ffdbc390000 - 0x00007ffdbc62a000 	C:\WINDOWS\WinSxS\amd64_microsoft.windows.common-controls_6595b64144ccf1df_6.0.19041.1110_none_60b5254171f9507e\COMCTL32.dll
0x00007ffdd3ba0000 - 0x00007ffdd3c3e000 	C:\WINDOWS\System32\msvcrt.dll
0x00007ffdd45c0000 - 0x00007ffdd45eb000 	C:\WINDOWS\System32\GDI32.dll
0x00007ffdd2c00000 - 0x00007ffdd2d0d000 	C:\WINDOWS\System32\gdi32full.dll
0x00007ffdd2d40000 - 0x00007ffdd2ddd000 	C:\WINDOWS\System32\msvcp_win.dll
0x00007ffdd2850000 - 0x00007ffdd2872000 	C:\WINDOWS\System32\win32u.dll
0x00007ffdd49a0000 - 0x00007ffdd49d0000 	C:\WINDOWS\System32\IMM32.DLL
0x00007ffda5bf0000 - 0x00007ffda5bfc000 	c:\Users\nimitjohri\.vscode\extensions\redhat.java-1.2.0\jre\17.0.1-win32-x86_64\bin\vcruntime140_1.dll
0x00007ffd50880000 - 0x00007ffd50911000 	c:\Users\nimitjohri\.vscode\extensions\redhat.java-1.2.0\jre\17.0.1-win32-x86_64\bin\msvcp140.dll
0x00007ffd4fc30000 - 0x00007ffd50876000 	c:\Users\nimitjohri\.vscode\extensions\redhat.java-1.2.0\jre\17.0.1-win32-x86_64\bin\server\jvm.dll
0x00007ffdd3a60000 - 0x00007ffdd3b0c000 	C:\WINDOWS\System32\ADVAPI32.dll
0x00007ffdd4820000 - 0x00007ffdd48bb000 	C:\WINDOWS\System32\sechost.dll
0x00007ffdd3870000 - 0x00007ffdd399a000 	C:\WINDOWS\System32\RPCRT4.dll
0x00007ffdd3030000 - 0x00007ffdd3038000 	C:\WINDOWS\System32\PSAPI.DLL
0x00007ffda42a0000 - 0x00007ffda42a9000 	C:\WINDOWS\SYSTEM32\WSOCK32.dll
0x00007ffdb0fb0000 - 0x00007ffdb0fd7000 	C:\WINDOWS\SYSTEM32\WINMM.dll
0x00007ffdcb420000 - 0x00007ffdcb42a000 	C:\WINDOWS\SYSTEM32\VERSION.dll
0x00007ffdd4390000 - 0x00007ffdd43fb000 	C:\WINDOWS\System32\WS2_32.dll
0x00007ffdd02e0000 - 0x00007ffdd02f2000 	C:\WINDOWS\SYSTEM32\kernel.appcore.dll
0x00007ffda2a10000 - 0x00007ffda2a1a000 	c:\Users\nimitjohri\.vscode\extensions\redhat.java-1.2.0\jre\17.0.1-win32-x86_64\bin\jimage.dll
0x00007ffdbcee0000 - 0x00007ffdbd0c4000 	C:\WINDOWS\SYSTEM32\DBGHELP.DLL
0x00007ffdb6fa0000 - 0x00007ffdb6fcc000 	C:\WINDOWS\SYSTEM32\dbgcore.DLL
0x00007ffdd2660000 - 0x00007ffdd26e2000 	C:\WINDOWS\System32\bcryptPrimitives.dll
0x00007ffd96cb0000 - 0x00007ffd96cd5000 	c:\Users\nimitjohri\.vscode\extensions\redhat.java-1.2.0\jre\17.0.1-win32-x86_64\bin\java.dll
0x00007ffd6cd60000 - 0x00007ffd6cd78000 	c:\Users\nimitjohri\.vscode\extensions\redhat.java-1.2.0\jre\17.0.1-win32-x86_64\bin\zip.dll

dbghelp: loaded successfully - version: 4.0.5 - missing functions: none
symbol engine: initialized successfully - sym options: 0x614 - pdb path: .;c:\Users\nimitjohri\.vscode\extensions\redhat.java-1.2.0\jre\17.0.1-win32-x86_64\bin;C:\WINDOWS\SYSTEM32;C:\WINDOWS\WinSxS\amd64_microsoft.windows.common-controls_6595b64144ccf1df_6.0.19041.1110_none_60b5254171f9507e;c:\Users\nimitjohri\.vscode\extensions\redhat.java-1.2.0\jre\17.0.1-win32-x86_64\bin\server

VM Arguments:
jvm_args: --add-modules=ALL-SYSTEM --add-opens=java.base/java.util=ALL-UNNAMED --add-opens=java.base/java.lang=ALL-UNNAMED -Declipse.application=org.eclipse.jdt.ls.core.id1 -Dosgi.bundles.defaultStartLevel=4 -Declipse.product=org.eclipse.jdt.ls.core.product -Djava.import.generatesMetadataFilesAtProjectRoot=false -Dfile.encoding=utf8 -DwatchParentProcess=false -XX:+UseParallelGC -XX:GCTimeRatio=4 -XX:AdaptiveSizePolicyWeight=90 -Dsun.zip.disableMemoryMapping=true -Xmx1G -Xms100m -XX:+HeapDumpOnOutOfMemoryError -XX:HeapDumpPath=c:\Users\nimitjohri\AppData\Roaming\Code\User\workspaceStorage\e9dfe86f46dc4352979bfe9d74bb40b0\redhat.java -Xmx512M -Xms512M 
java_command: c:\Users\nimitjohri\.vscode\extensions\redhat.java-1.2.0\server\plugins\org.eclipse.equinox.launcher_1.6.400.v20210924-0641.jar -configuration c:\Users\nimitjohri\AppData\Roaming\Code\User\globalStorage\redhat.java\1.2.0\config_win -data c:\Users\nimitjohri\AppData\Roaming\Code\User\workspaceStorage\e9dfe86f46dc4352979bfe9d74bb40b0\redhat.java\jdt_ws
java_class_path (initial): c:\Users\nimitjohri\.vscode\extensions\redhat.java-1.2.0\server\plugins\org.eclipse.equinox.launcher_1.6.400.v20210924-0641.jar
Launcher Type: SUN_STANDARD

[Global flags]
    uintx AdaptiveSizePolicyWeight                 = 90                                        {product} {command line}
     intx CICompilerCount                          = 4                                         {product} {ergonomic}
    uintx GCTimeRatio                              = 4                                         {product} {command line}
     bool HeapDumpOnOutOfMemoryError               = true                                   {manageable} {command line}
    ccstr HeapDumpPath                             = c:\Users\nimitjohri\AppData\Roaming\Code\User\workspaceStorage\e9dfe86f46dc4352979bfe9d74bb40b0\redhat.java         {manageable} {command line}
   size_t InitialHeapSize                          = 536870912                                 {product} {command line}
   size_t MaxHeapSize                              = 536870912                                 {product} {command line}
   size_t MaxNewSize                               = 178782208                                 {product} {ergonomic}
   size_t MinHeapDeltaBytes                        = 524288                                    {product} {ergonomic}
   size_t MinHeapSize                              = 536870912                                 {product} {command line}
   size_t NewSize                                  = 178782208                                 {product} {ergonomic}
    uintx NonNMethodCodeHeapSize                   = 5839372                                {pd product} {ergonomic}
    uintx NonProfiledCodeHeapSize                  = 122909434                              {pd product} {ergonomic}
   size_t OldSize                                  = 358088704                                 {product} {ergonomic}
    uintx ProfiledCodeHeapSize                     = 122909434                              {pd product} {ergonomic}
    uintx ReservedCodeCacheSize                    = 251658240                              {pd product} {ergonomic}
     bool SegmentedCodeCache                       = true                                      {product} {ergonomic}
   size_t SoftMaxHeapSize                          = 536870912                              {manageable} {ergonomic}
     bool UseCompressedClassPointers               = true                           {product lp64_product} {ergonomic}
     bool UseCompressedOops                        = true                           {product lp64_product} {ergonomic}
     bool UseLargePagesIndividualAllocation        = false                                  {pd product} {ergonomic}
     bool UseParallelGC                            = true                                      {product} {command line}

Logging:
Log output configuration:
 #0: stdout all=warning uptime,level,tags
 #1: stderr all=off uptime,level,tags

Environment Variables:
JAVA_HOME=C:\Program Files\Java\jdk-17.0.1
_JAVA_OPTIONS=-Xmx512M -Xms512M
PATH=C:\Program Files\Common Files\Oracle\Java\javapath;C:\Program Files\Eclipse Adoptium\jdk-17.0.1.12-hotspot\bin;C:\WINDOWS\system32;C:\WINDOWS;C:\WINDOWS\System32\Wbem;C:\WINDOWS\System32\WindowsPowerShell\v1.0\;C:\WINDOWS\System32\OpenSSH\;C:\Program Files\TortoiseSVN\bin;C:\Program Files\Amazon\AWSCLIV2\;D:\InstalledSoftwares\nodejs\;C:\ProgramData\chocolatey\bin;C:\Program Files\Java\jdk-14.0.1\bin;D:\InstalledSoftwares\Python\Python38;D:\InstalledSoftwares\Python\Python38\Scripts;D:\Softwares\openssh-8.3p1;D:\LutronProjects\aws-login-tool\node_modules\.bin;D:\InstalledSoftwares\WinSCP\;D:\InstalledSoftwares\apache-maven-3.6.3-bin\apache-maven-3.6.3\bin;C:\Program Files\Java\jdk-11.0.1\bin;C:\Progra~1\Java\jdk1.8.0_261\bin;D:\InstalledSoftwares\helm-v3.3.1-windows-amd64\windows-amd64;D:\InstalledSoftwares\spark-3.0.1-bin-hadoop2.7\spark-3.0.1-bin-hadoop2.7\bin;D:\InstalledSoftwares\scala\bin;D:\InstalledSoftwares\scala\bin;D:\InstalledSoftwares\zookeeper\apache-zookeeper-3.6.2\apache-zookeeper-3.6.2-bin\bin;D:\InstalledSoftwares\gradle-2.8-all\gradle-2.8\bin;%ZOOKEEPER_HOME%\bin;C:\Program Files\dotnet\;C:\Program Files\Microsoft SQL Server\130\Tools\Binn\;C:\Program Files\Microsoft SQL Server\Client SDK\ODBC\170\Tools\Binn\;C:\Program Files\Azure Data Studio\bin;C:\Program Files (x86)\dotnet\;C:\Program Files\Docker\Docker\resources\bin;C:\ProgramData\DockerDesktop\version-bin;C:\Program Files\Microsoft VS Code\bin;D:\InstalledSoftwares\Go\bin;C:\Program Files\Git\cmd;C:\Users\nimitjohri\AppData\Local\Microsoft\WindowsApps;$GOBIN\bin;D:\InstalledSoftwares\pdfc;D:\InstalledSoftwares\jfrog-artifactory-oss-6.20.0\artifactory-oss-6.20.0\bin;D:\InstalledSoftwares\sonarqube-8.4.1.35646\sonarqube-8.4.1.35646\bin\windows-x86-64;D:\InstalledSoftwares\sonar-scanner-cli-4.4.0.2170-windows\sonar-scanner-4.4.0.2170-windows\bin;D:\InstalledSoftwares\Jenkins;C:\Users\nimitjohri\.dotnet\tools;C:\Program Files\Azure Data Studio\bin;C:\Users\nimitjohri\go\bin;D:\InstalledSoftwar
USERNAME=nimitjohri
OS=Windows_NT
PROCESSOR_IDENTIFIER=Intel64 Family 6 Model 142 Stepping 12, GenuineIntel



---------------  S Y S T E M  ---------------

OS:
 Windows 10 , 64 bit Build 19041 (10.0.19041.1348)
OS uptime: 0 days 21:28 hours
Hyper-V role detected

CPU: total 8 (initial active 8) (4 cores per cpu, 2 threads per core) family 6 model 142 stepping 12 microcode 0xc6, cx8, cmov, fxsr, ht, mmx, 3dnowpref, sse, sse2, sse3, ssse3, sse4.1, sse4.2, popcnt, lzcnt, tsc, tscinvbit, avx, avx2, aes, erms, clmul, bmi1, bmi2, adx, fma, vzeroupper, clflush, clflushopt, hv

Memory: 4k page, system-wide physical 16198M (450M free)
TotalPageFile size 33758M (AvailPageFile size 9M)
current process WorkingSet (physical memory assigned to process): 14M, peak: 14M
current process commit charge ("private bytes"): 544M, peak: 544M

vm_info: OpenJDK 64-Bit Server VM (17.0.1+12) for windows-amd64 JRE (17.0.1+12), built on Oct 20 2021 07:42:55 by "" with MS VC++ 16.7 (VS2019)

END.
